{
  "stats": {
    "suites": 1,
    "tests": 5,
    "passes": 5,
    "pending": 0,
    "failures": 0,
    "start": "2026-01-20T12:48:47.098Z",
    "end": "2026-01-20T12:48:54.347Z",
    "duration": 7249,
    "testsRegistered": 5,
    "passPercent": 100,
    "pendingPercent": 0,
    "other": 0,
    "hasOther": false,
    "skipped": 0,
    "hasSkipped": false
  },
  "results": [
    {
      "uuid": "67b07190-ae53-4e60-b9a8-fa3cfe26f507",
      "title": "",
      "fullFile": "cypress/e2e/app/pages/register/register.cy.ts",
      "file": "cypress/e2e/app/pages/register/register.cy.ts",
      "beforeHooks": [],
      "afterHooks": [],
      "tests": [],
      "suites": [
        {
          "uuid": "6d7e3356-751d-430c-ac37-ee0e06a2bb24",
          "title": "Register page",
          "fullFile": "",
          "file": "",
          "beforeHooks": [],
          "afterHooks": [],
          "tests": [
            {
              "title": "Should display register form correctly",
              "fullTitle": "Register page Should display register form correctly",
              "timedOut": null,
              "duration": 751,
              "state": "passed",
              "speed": "fast",
              "pass": true,
              "fail": false,
              "pending": false,
              "context": null,
              "code": "cy.get('mat-card-title').should('have.text', 'Register');\ncy.get('input[formControlName=firstName]').should('exist');\ncy.get('input[formControlName=lastName]').should('exist');\ncy.get('input[formControlName=email]').should('exist');\ncy.get('input[formControlName=password]').should('exist');\ncy.get('button[type=submit]').should('be.disabled');",
              "err": {},
              "uuid": "2dfa9f4f-b4df-4f2d-b0f7-21c02f9c37fc",
              "parentUUID": "6d7e3356-751d-430c-ac37-ee0e06a2bb24",
              "isHook": false,
              "skipped": false
            },
            {
              "title": "Should register successfully and redirect to login",
              "fullTitle": "Register page Should register successfully and redirect to login",
              "timedOut": null,
              "duration": 1717,
              "state": "passed",
              "speed": "fast",
              "pass": true,
              "fail": false,
              "pending": false,
              "context": null,
              "code": "cy.intercept('POST', '/api/auth/register', {\n    statusCode: 200,\n    body: {}\n}).as('register');\ncy.get('input[formControlName=firstName]').type('John');\ncy.get('input[formControlName=lastName]').type('Doe');\ncy.get('input[formControlName=email]').type('john.doe@example.com');\ncy.get('input[formControlName=password]').type('123456');\ncy.get('button[type=submit]').should('not.be.disabled').click();\ncy.wait('@register');\ncy.url().should('include', '/login');",
              "err": {},
              "uuid": "d9e7d3fc-7eea-479f-a69f-f396318dbd15",
              "parentUUID": "6d7e3356-751d-430c-ac37-ee0e06a2bb24",
              "isHook": false,
              "skipped": false
            },
            {
              "title": "Should display error message when register fails",
              "fullTitle": "Register page Should display error message when register fails",
              "timedOut": null,
              "duration": 1775,
              "state": "passed",
              "speed": "fast",
              "pass": true,
              "fail": false,
              "pending": false,
              "context": null,
              "code": "cy.intercept('POST', '/api/auth/register', {\n    statusCode: 500\n}).as('register');\ncy.get('input[formControlName=firstName]').type('John');\ncy.get('input[formControlName=lastName]').type('Doe');\ncy.get('input[formControlName=email]').type('john.doe@example.com');\ncy.get('input[formControlName=password]').type('123456');\ncy.get('button[type=submit]').click();\ncy.wait('@register');\ncy.get('.error')\n    .should('be.visible')\n    .and('contain.text', 'An error occurred');\ncy.url().should('include', '/register');",
              "err": {},
              "uuid": "782905f4-a534-4de3-a12f-c17631a2b2ef",
              "parentUUID": "6d7e3356-751d-430c-ac37-ee0e06a2bb24",
              "isHook": false,
              "skipped": false
            },
            {
              "title": "Should not submit when form is invalid",
              "fullTitle": "Register page Should not submit when form is invalid",
              "timedOut": null,
              "duration": 1187,
              "state": "passed",
              "speed": "fast",
              "pass": true,
              "fail": false,
              "pending": false,
              "context": null,
              "code": "cy.get('button[type=submit]').should('be.disabled');\ncy.intercept('POST', '/api/auth/register').as('register');\ncy.get('button[type=submit]').click({ force: true });\ncy.wait(500);\ncy.get('@register.all').should('have.length', 0);",
              "err": {},
              "uuid": "42ad908f-9ae2-4161-9e89-45953c115bf5",
              "parentUUID": "6d7e3356-751d-430c-ac37-ee0e06a2bb24",
              "isHook": false,
              "skipped": false
            },
            {
              "title": "Should disable submit and show errors when fields are invalid",
              "fullTitle": "Register page Should disable submit and show errors when fields are invalid",
              "timedOut": null,
              "duration": 1592,
              "state": "passed",
              "speed": "fast",
              "pass": true,
              "fail": false,
              "pending": false,
              "context": null,
              "code": "cy.get('button[type=submit]').should('be.disabled');\ncy.get('input[formControlName=firstName]').type('John');\ncy.get('button[type=submit]').should('be.disabled');\ncy.get('input[formControlName=lastName]').type('Doe');\ncy.get('button[type=submit]').should('be.disabled');\ncy.get('input[formControlName=email]').type('john.doe@example.com');\ncy.get('button[type=submit]').should('be.disabled');\ncy.get('input[formControlName=password]').type('123456');\ncy.get('button[type=submit]').should('not.be.disabled');",
              "err": {},
              "uuid": "20a5b919-4529-4b7b-947a-127509ad2971",
              "parentUUID": "6d7e3356-751d-430c-ac37-ee0e06a2bb24",
              "isHook": false,
              "skipped": false
            }
          ],
          "suites": [],
          "passes": [
            "2dfa9f4f-b4df-4f2d-b0f7-21c02f9c37fc",
            "d9e7d3fc-7eea-479f-a69f-f396318dbd15",
            "782905f4-a534-4de3-a12f-c17631a2b2ef",
            "42ad908f-9ae2-4161-9e89-45953c115bf5",
            "20a5b919-4529-4b7b-947a-127509ad2971"
          ],
          "failures": [],
          "pending": [],
          "skipped": [],
          "duration": 7022,
          "root": false,
          "rootEmpty": false,
          "_timeout": 2000
        }
      ],
      "passes": [],
      "failures": [],
      "pending": [],
      "skipped": [],
      "duration": 0,
      "root": true,
      "rootEmpty": true,
      "_timeout": 2000
    }
  ],
  "meta": {
    "mocha": {
      "version": "7.2.0"
    },
    "mochawesome": {
      "options": {
        "quiet": false,
        "reportFilename": "mochawesome",
        "saveHtml": false,
        "saveJson": true,
        "consoleReporter": "spec",
        "useInlineDiffs": false,
        "code": true
      },
      "version": "7.1.4"
    },
    "marge": {
      "options": {
        "reportDir": "cypress/reports",
        "overwrite": false,
        "html": false,
        "json": true
      },
      "version": "6.3.2"
    }
  }
}