{
  "stats": {
    "suites": 1,
    "tests": 3,
    "passes": 3,
    "pending": 0,
    "failures": 0,
    "start": "2026-01-20T12:48:56.048Z",
    "end": "2026-01-20T12:49:03.278Z",
    "duration": 7230,
    "testsRegistered": 3,
    "passPercent": 100,
    "pendingPercent": 0,
    "other": 0,
    "hasOther": false,
    "skipped": 0,
    "hasSkipped": false
  },
  "results": [
    {
      "uuid": "230ff833-c72c-41be-b65a-0e7c5e709eb1",
      "title": "",
      "fullFile": "cypress/e2e/app/pages/sessions/detail/sessions.detail.cy.ts",
      "file": "cypress/e2e/app/pages/sessions/detail/sessions.detail.cy.ts",
      "beforeHooks": [],
      "afterHooks": [],
      "tests": [],
      "suites": [
        {
          "uuid": "61dc8d83-ecf9-457b-a709-9d456d935a81",
          "title": "Session Detail page",
          "fullFile": "",
          "file": "",
          "beforeHooks": [],
          "afterHooks": [],
          "tests": [
            {
              "title": "Should show see infos and delete button for admin",
              "fullTitle": "Session Detail page Should show see infos and delete button for admin",
              "timedOut": null,
              "duration": 2394,
              "state": "passed",
              "speed": "fast",
              "pass": true,
              "fail": false,
              "pending": false,
              "context": null,
              "code": "cy.loginAndStoreSession();\ncy.visit(`/sessions/detail/${session.id}`);\ncy.contains(session.name);\ncy.contains(session.descrition);\ncy.contains('button', 'Delete').should('be.visible');",
              "err": {},
              "uuid": "5b822fea-8d07-49a8-a46c-f4bd4db860f9",
              "parentUUID": "61dc8d83-ecf9-457b-a709-9d456d935a81",
              "isHook": false,
              "skipped": false
            },
            {
              "title": "Should visit participate and go back",
              "fullTitle": "Session Detail page Should visit participate and go back",
              "timedOut": null,
              "duration": 2282,
              "state": "passed",
              "speed": "fast",
              "pass": true,
              "fail": false,
              "pending": false,
              "context": null,
              "code": "cy.loginAndStoreSession(_common_fixtures_user_fixtures_cy_ts__WEBPACK_IMPORTED_MODULE_1__.userFixtures);\ncy.visit(`/sessions/detail/${session.id}`);\ncy.contains('button', 'Participate').click();\ncy.contains('button', 'Do not participate');\ncy.url().should('include', '/sessions');",
              "err": {},
              "uuid": "d6a288a1-04cc-4d6e-849d-071a2b055e4b",
              "parentUUID": "61dc8d83-ecf9-457b-a709-9d456d935a81",
              "isHook": false,
              "skipped": false
            },
            {
              "title": "Should visit no longer participate and go back",
              "fullTitle": "Session Detail page Should visit no longer participate and go back",
              "timedOut": null,
              "duration": 2381,
              "state": "passed",
              "speed": "fast",
              "pass": true,
              "fail": false,
              "pending": false,
              "context": null,
              "code": "cy.loginAndStoreSession(_common_fixtures_user_fixtures_cy_ts__WEBPACK_IMPORTED_MODULE_1__.userFixtures);\ncy.visit(`/sessions/detail/${session.id}`);\ncy.contains('button', 'Do not participate').click();\ncy.contains('button', 'Participate');\ncy.url().should('include', '/sessions');",
              "err": {},
              "uuid": "0a60c7af-d487-4655-8a12-ac37c2305436",
              "parentUUID": "61dc8d83-ecf9-457b-a709-9d456d935a81",
              "isHook": false,
              "skipped": false
            }
          ],
          "suites": [],
          "passes": [
            "5b822fea-8d07-49a8-a46c-f4bd4db860f9",
            "d6a288a1-04cc-4d6e-849d-071a2b055e4b",
            "0a60c7af-d487-4655-8a12-ac37c2305436"
          ],
          "failures": [],
          "pending": [],
          "skipped": [],
          "duration": 7057,
          "root": false,
          "rootEmpty": false,
          "_timeout": 2000
        }
      ],
      "passes": [],
      "failures": [],
      "pending": [],
      "skipped": [],
      "duration": 0,
      "root": true,
      "rootEmpty": true,
      "_timeout": 2000
    }
  ],
  "meta": {
    "mocha": {
      "version": "7.2.0"
    },
    "mochawesome": {
      "options": {
        "quiet": false,
        "reportFilename": "mochawesome",
        "saveHtml": false,
        "saveJson": true,
        "consoleReporter": "spec",
        "useInlineDiffs": false,
        "code": true
      },
      "version": "7.1.4"
    },
    "marge": {
      "options": {
        "reportDir": "cypress/reports",
        "overwrite": false,
        "html": false,
        "json": true
      },
      "version": "6.3.2"
    }
  }
}