{
  "stats": {
    "suites": 1,
    "tests": 1,
    "passes": 1,
    "pending": 0,
    "failures": 0,
    "start": "2026-01-20T12:48:39.696Z",
    "end": "2026-01-20T12:48:42.649Z",
    "duration": 2953,
    "testsRegistered": 1,
    "passPercent": 100,
    "pendingPercent": 0,
    "other": 0,
    "hasOther": false,
    "skipped": 0,
    "hasSkipped": false
  },
  "results": [
    {
      "uuid": "61a7ec85-61a5-4a41-8a21-acc1050d68ed",
      "title": "",
      "fullFile": "cypress/e2e/app/pages/me/me.cy.ts",
      "file": "cypress/e2e/app/pages/me/me.cy.ts",
      "beforeHooks": [],
      "afterHooks": [],
      "tests": [],
      "suites": [
        {
          "uuid": "18bcc1c3-bcc4-4e0d-8023-bbe24d30bdad",
          "title": "Account Detail page",
          "fullFile": "",
          "file": "",
          "beforeHooks": [],
          "afterHooks": [],
          "tests": [
            {
              "title": "Me - Should swho account page and see username and go back",
              "fullTitle": "Account Detail page Me - Should swho account page and see username and go back",
              "timedOut": null,
              "duration": 2838,
              "state": "passed",
              "speed": "fast",
              "pass": true,
              "fail": false,
              "pending": false,
              "context": null,
              "code": "cy.visit('/me');\ncy.contains(_common_fixtures_user_fixtures_cy_ts__WEBPACK_IMPORTED_MODULE_0__.userFixtures.firstName);\ncy.contains(_common_fixtures_user_fixtures_cy_ts__WEBPACK_IMPORTED_MODULE_0__.userFixtures.lastName);\ncy.contains(_common_fixtures_user_fixtures_cy_ts__WEBPACK_IMPORTED_MODULE_0__.userFixtures.username);\ncy.contains('button', 'arrow_back').click();\ncy.url().should('include', '/sessions');",
              "err": {},
              "uuid": "9f56c1bd-aae4-4c01-9ccd-0b77ff379136",
              "parentUUID": "18bcc1c3-bcc4-4e0d-8023-bbe24d30bdad",
              "isHook": false,
              "skipped": false
            }
          ],
          "suites": [],
          "passes": [
            "9f56c1bd-aae4-4c01-9ccd-0b77ff379136"
          ],
          "failures": [],
          "pending": [],
          "skipped": [],
          "duration": 2838,
          "root": false,
          "rootEmpty": false,
          "_timeout": 2000
        }
      ],
      "passes": [],
      "failures": [],
      "pending": [],
      "skipped": [],
      "duration": 0,
      "root": true,
      "rootEmpty": true,
      "_timeout": 2000
    }
  ],
  "meta": {
    "mocha": {
      "version": "7.2.0"
    },
    "mochawesome": {
      "options": {
        "quiet": false,
        "reportFilename": "mochawesome",
        "saveHtml": false,
        "saveJson": true,
        "consoleReporter": "spec",
        "useInlineDiffs": false,
        "code": true
      },
      "version": "7.1.4"
    },
    "marge": {
      "options": {
        "reportDir": "cypress/reports",
        "overwrite": false,
        "html": false,
        "json": true
      },
      "version": "6.3.2"
    }
  }
}