{
  "stats": {
    "suites": 1,
    "tests": 3,
    "passes": 3,
    "pending": 0,
    "failures": 0,
    "start": "2026-01-13T18:53:07.095Z",
    "end": "2026-01-13T18:53:12.031Z",
    "duration": 4936,
    "testsRegistered": 3,
    "passPercent": 100,
    "pendingPercent": 0,
    "other": 0,
    "hasOther": false,
    "skipped": 0,
    "hasSkipped": false
  },
  "results": [
    {
      "uuid": "010cfb81-8673-452d-a302-f95f7461af58",
      "title": "",
      "fullFile": "cypress/e2e/app/pages/sessions/detail/sessions.detail.cy.ts",
      "file": "cypress/e2e/app/pages/sessions/detail/sessions.detail.cy.ts",
      "beforeHooks": [],
      "afterHooks": [],
      "tests": [],
      "suites": [
        {
          "uuid": "a685fe73-4b1f-45a2-85a2-f3fe3c2677a6",
          "title": "Session Detail page",
          "fullFile": "",
          "file": "",
          "beforeHooks": [],
          "afterHooks": [],
          "tests": [
            {
              "title": "Should show see infos and delete button for admin",
              "fullTitle": "Session Detail page Should show see infos and delete button for admin",
              "timedOut": null,
              "duration": 1613,
              "state": "passed",
              "speed": "fast",
              "pass": true,
              "fail": false,
              "pending": false,
              "context": null,
              "code": "cy.loginAndStoreSession();\ncy.visit(`/sessions/detail/${_common_fixtures_sessions_fixtures_cy_ts__WEBPACK_IMPORTED_MODULE_0__.sessionsFixtures[0].id}`);\ncy.contains(_common_fixtures_sessions_fixtures_cy_ts__WEBPACK_IMPORTED_MODULE_0__.sessionsFixtures[0].name);\ncy.contains(_common_fixtures_sessions_fixtures_cy_ts__WEBPACK_IMPORTED_MODULE_0__.sessionsFixtures[0].descrition);\ncy.contains('button', 'Delete').should('be.visible');",
              "err": {},
              "uuid": "5013062f-5340-4a0f-96cb-bc1dcb24f4cd",
              "parentUUID": "a685fe73-4b1f-45a2-85a2-f3fe3c2677a6",
              "isHook": false,
              "skipped": false
            },
            {
              "title": "Should visit participate and go back",
              "fullTitle": "Session Detail page Should visit participate and go back",
              "timedOut": null,
              "duration": 1417,
              "state": "passed",
              "speed": "fast",
              "pass": true,
              "fail": false,
              "pending": false,
              "context": null,
              "code": "cy.loginAndStoreSession(_common_fixtures_user_fixtures_cy_ts__WEBPACK_IMPORTED_MODULE_1__.userFixtures);\ncy.visit(`/sessions/detail/${_common_fixtures_sessions_fixtures_cy_ts__WEBPACK_IMPORTED_MODULE_0__.sessionsFixtures[0].id}`);\ncy.contains('button', 'Participate').click();\ncy.contains('button', 'Do not participate');\ncy.url().should('include', '/sessions');",
              "err": {},
              "uuid": "9f390484-93ab-4c9b-9055-e9326befc735",
              "parentUUID": "a685fe73-4b1f-45a2-85a2-f3fe3c2677a6",
              "isHook": false,
              "skipped": false
            },
            {
              "title": "Should visit no longer participate and go back",
              "fullTitle": "Session Detail page Should visit no longer participate and go back",
              "timedOut": null,
              "duration": 1391,
              "state": "passed",
              "speed": "fast",
              "pass": true,
              "fail": false,
              "pending": false,
              "context": null,
              "code": "cy.loginAndStoreSession(_common_fixtures_user_fixtures_cy_ts__WEBPACK_IMPORTED_MODULE_1__.userFixtures);\ncy.visit(`/sessions/detail/${_common_fixtures_sessions_fixtures_cy_ts__WEBPACK_IMPORTED_MODULE_0__.sessionsFixtures[0].id}`);\ncy.contains('button', 'Do not participate').click();\ncy.contains('button', 'Participate');\ncy.url().should('include', '/sessions');",
              "err": {},
              "uuid": "7e93aa4b-6658-4745-b2cb-beaac12ade6c",
              "parentUUID": "a685fe73-4b1f-45a2-85a2-f3fe3c2677a6",
              "isHook": false,
              "skipped": false
            }
          ],
          "suites": [],
          "passes": [
            "5013062f-5340-4a0f-96cb-bc1dcb24f4cd",
            "9f390484-93ab-4c9b-9055-e9326befc735",
            "7e93aa4b-6658-4745-b2cb-beaac12ade6c"
          ],
          "failures": [],
          "pending": [],
          "skipped": [],
          "duration": 4421,
          "root": false,
          "rootEmpty": false,
          "_timeout": 2000
        }
      ],
      "passes": [],
      "failures": [],
      "pending": [],
      "skipped": [],
      "duration": 0,
      "root": true,
      "rootEmpty": true,
      "_timeout": 2000
    }
  ],
  "meta": {
    "mocha": {
      "version": "7.2.0"
    },
    "mochawesome": {
      "options": {
        "quiet": false,
        "reportFilename": "mochawesome",
        "saveHtml": false,
        "saveJson": true,
        "consoleReporter": "spec",
        "useInlineDiffs": false,
        "code": true
      },
      "version": "7.1.4"
    },
    "marge": {
      "options": {
        "reportDir": "cypress/reports",
        "overwrite": false,
        "html": false,
        "json": true
      },
      "version": "6.3.2"
    }
  }
}