{
  "stats": {
    "suites": 1,
    "tests": 1,
    "passes": 1,
    "pending": 0,
    "failures": 0,
    "start": "2026-01-20T12:48:44.415Z",
    "end": "2026-01-20T12:48:45.238Z",
    "duration": 823,
    "testsRegistered": 1,
    "passPercent": 100,
    "pendingPercent": 0,
    "other": 0,
    "hasOther": false,
    "skipped": 0,
    "hasSkipped": false
  },
  "results": [
    {
      "uuid": "7f37a423-ef92-45f8-bb48-d33beab74fbb",
      "title": "",
      "fullFile": "cypress/e2e/app/pages/not-found/not-found.cy.ts",
      "file": "cypress/e2e/app/pages/not-found/not-found.cy.ts",
      "beforeHooks": [],
      "afterHooks": [],
      "tests": [],
      "suites": [
        {
          "uuid": "832ea9f9-d2c5-4af0-8614-6ab1f8bf78b3",
          "title": "NotFound page",
          "fullFile": "",
          "file": "",
          "beforeHooks": [],
          "afterHooks": [],
          "tests": [
            {
              "title": "should display Not Found page when navigating to unknown route",
              "fullTitle": "NotFound page should display Not Found page when navigating to unknown route",
              "timedOut": null,
              "duration": 710,
              "state": "passed",
              "speed": "fast",
              "pass": true,
              "fail": false,
              "pending": false,
              "context": null,
              "code": "cy.visit('/this-route-does-not-exist', { failOnStatusCode: false });\ncy.url().should('include', '/404');\ncy.get('h1')\n    .should('be.visible')\n    .and('have.text', 'Page not found !');\ncy.get('h1').should('have.length', 1);\ncy.get('h1').should('have.text', 'Page not found !');",
              "err": {},
              "uuid": "9d8d3db7-e0e4-4363-8b88-d8bf30d15535",
              "parentUUID": "832ea9f9-d2c5-4af0-8614-6ab1f8bf78b3",
              "isHook": false,
              "skipped": false
            }
          ],
          "suites": [],
          "passes": [
            "9d8d3db7-e0e4-4363-8b88-d8bf30d15535"
          ],
          "failures": [],
          "pending": [],
          "skipped": [],
          "duration": 710,
          "root": false,
          "rootEmpty": false,
          "_timeout": 2000
        }
      ],
      "passes": [],
      "failures": [],
      "pending": [],
      "skipped": [],
      "duration": 0,
      "root": true,
      "rootEmpty": true,
      "_timeout": 2000
    }
  ],
  "meta": {
    "mocha": {
      "version": "7.2.0"
    },
    "mochawesome": {
      "options": {
        "quiet": false,
        "reportFilename": "mochawesome",
        "saveHtml": false,
        "saveJson": true,
        "consoleReporter": "spec",
        "useInlineDiffs": false,
        "code": true
      },
      "version": "7.1.4"
    },
    "marge": {
      "options": {
        "reportDir": "cypress/reports",
        "overwrite": false,
        "html": false,
        "json": true
      },
      "version": "6.3.2"
    }
  }
}