{
  "stats": {
    "suites": 1,
    "tests": 2,
    "passes": 2,
    "pending": 0,
    "failures": 0,
    "start": "2026-01-13T18:53:13.811Z",
    "end": "2026-01-13T18:53:19.398Z",
    "duration": 5587,
    "testsRegistered": 2,
    "passPercent": 100,
    "pendingPercent": 0,
    "other": 0,
    "hasOther": false,
    "skipped": 0,
    "hasSkipped": false
  },
  "results": [
    {
      "uuid": "de8990fb-465d-4b55-bfbb-493239e2c205",
      "title": "",
      "fullFile": "cypress/e2e/app/pages/sessions/form/sessions.form.create.cy.ts",
      "file": "cypress/e2e/app/pages/sessions/form/sessions.form.create.cy.ts",
      "beforeHooks": [],
      "afterHooks": [],
      "tests": [],
      "suites": [
        {
          "uuid": "a66ae476-d192-443b-b039-136909015dd8",
          "title": "Session Create page",
          "fullFile": "",
          "file": "",
          "beforeHooks": [],
          "afterHooks": [],
          "tests": [
            {
              "title": "Should disable submit and show errors when fields are invalid",
              "fullTitle": "Session Create page Should disable submit and show errors when fields are invalid",
              "timedOut": null,
              "duration": 2691,
              "state": "passed",
              "speed": "fast",
              "pass": true,
              "fail": false,
              "pending": false,
              "context": null,
              "code": "cy.get('button[type=submit]').should('be.disabled');\ncy.get('input[formControlName=name]').type(_common_fixtures_sessions_fixtures_cy_ts__WEBPACK_IMPORTED_MODULE_0__.sessionsFixtures[1].name);\ncy.get('button[type=submit]').should('be.disabled');\ncy.get('input[formControlName=date]').type(_common_fixtures_sessions_fixtures_cy_ts__WEBPACK_IMPORTED_MODULE_0__.sessionsFixtures[1].date);\ncy.get('button[type=submit]').should('be.disabled');\ncy.get('[formControlName=teacherId]').click();\ncy.get('#mat-option-0').click();\ncy.get('button[type=submit]').should('be.disabled');\ncy.get('textarea[formControlName=description]').type(_common_fixtures_sessions_fixtures_cy_ts__WEBPACK_IMPORTED_MODULE_0__.sessionsFixtures[1].descrition);\ncy.get('button[type=submit]').should('not.be.disabled');",
              "err": {},
              "uuid": "856405b6-9abd-44e9-a07b-c819a7a20924",
              "parentUUID": "a66ae476-d192-443b-b039-136909015dd8",
              "isHook": false,
              "skipped": false
            },
            {
              "title": "Should commplete and submit when valid then go back and see new session in list",
              "fullTitle": "Session Create page Should commplete and submit when valid then go back and see new session in list",
              "timedOut": null,
              "duration": 2452,
              "state": "passed",
              "speed": "fast",
              "pass": true,
              "fail": false,
              "pending": false,
              "context": null,
              "code": "cy.get('input[formControlName=name]').type(_common_fixtures_sessions_fixtures_cy_ts__WEBPACK_IMPORTED_MODULE_0__.sessionsFixtures[1].name);\ncy.get('input[formControlName=date]').type(_common_fixtures_sessions_fixtures_cy_ts__WEBPACK_IMPORTED_MODULE_0__.sessionsFixtures[1].date);\ncy.get('[formControlName=teacherId]').click();\ncy.get('#mat-option-0').click();\ncy.get('textarea[formControlName=description]').type(_common_fixtures_sessions_fixtures_cy_ts__WEBPACK_IMPORTED_MODULE_0__.sessionsFixtures[1].descrition);\ncy.get('button[type=submit]').click();\ncy.url().should('include', '/sessions');\ncy.contains(_common_fixtures_sessions_fixtures_cy_ts__WEBPACK_IMPORTED_MODULE_0__.sessionsFixtures[1].name);",
              "err": {},
              "uuid": "ea106182-498d-42b7-b716-f615af638111",
              "parentUUID": "a66ae476-d192-443b-b039-136909015dd8",
              "isHook": false,
              "skipped": false
            }
          ],
          "suites": [],
          "passes": [
            "856405b6-9abd-44e9-a07b-c819a7a20924",
            "ea106182-498d-42b7-b716-f615af638111"
          ],
          "failures": [],
          "pending": [],
          "skipped": [],
          "duration": 5143,
          "root": false,
          "rootEmpty": false,
          "_timeout": 2000
        }
      ],
      "passes": [],
      "failures": [],
      "pending": [],
      "skipped": [],
      "duration": 0,
      "root": true,
      "rootEmpty": true,
      "_timeout": 2000
    }
  ],
  "meta": {
    "mocha": {
      "version": "7.2.0"
    },
    "mochawesome": {
      "options": {
        "quiet": false,
        "reportFilename": "mochawesome",
        "saveHtml": false,
        "saveJson": true,
        "consoleReporter": "spec",
        "useInlineDiffs": false,
        "code": true
      },
      "version": "7.1.4"
    },
    "marge": {
      "options": {
        "reportDir": "cypress/reports",
        "overwrite": false,
        "html": false,
        "json": true
      },
      "version": "6.3.2"
    }
  }
}