{
  "stats": {
    "suites": 8,
    "tests": 24,
    "passes": 24,
    "pending": 0,
    "failures": 0,
    "testsRegistered": 24,
    "passPercent": 100,
    "pendingPercent": 0,
    "other": 0,
    "hasOther": false,
    "skipped": 0,
    "hasSkipped": false,
    "start": "2026-01-13T18:52:45.277Z",
    "end": "2026-01-13T18:53:37.654Z",
    "duration": 52377
  },
  "results": [
    {
      "uuid": "93696879-f67f-4864-b6c6-daaf43b67d12",
      "title": "",
      "fullFile": "cypress/e2e/app/pages/login/login.cy.ts",
      "file": "cypress/e2e/app/pages/login/login.cy.ts",
      "beforeHooks": [],
      "afterHooks": [],
      "tests": [],
      "suites": [
        {
          "uuid": "43698498-30ae-47d0-9bd9-237a54682681",
          "title": "Login spec",
          "fullFile": "",
          "file": "",
          "beforeHooks": [],
          "afterHooks": [],
          "tests": [
            {
              "title": "Should login successfully and redirect to sessions",
              "fullTitle": "Login spec Should login successfully and redirect to sessions",
              "timedOut": null,
              "duration": 1815,
              "state": "passed",
              "speed": "fast",
              "pass": true,
              "fail": false,
              "pending": false,
              "context": null,
              "code": "cy.loginAndStoreSession(_common_fixtures_user_fixtures_cy_ts__WEBPACK_IMPORTED_MODULE_0__.userFixtures);\ncy.url().should('include', '/sessions');",
              "err": {},
              "uuid": "2bf4f16e-cf99-48c5-bc41-29bf8611a8cf",
              "parentUUID": "43698498-30ae-47d0-9bd9-237a54682681",
              "isHook": false,
              "skipped": false
            },
            {
              "title": "Should login and logout successfully",
              "fullTitle": "Login spec Should login and logout successfully",
              "timedOut": null,
              "duration": 1184,
              "state": "passed",
              "speed": "fast",
              "pass": true,
              "fail": false,
              "pending": false,
              "context": null,
              "code": "cy.loginAndStoreSession(_common_fixtures_user_fixtures_cy_ts__WEBPACK_IMPORTED_MODULE_0__.userFixtures);\ncy.url().should('include', '/sessions');\ncy.contains('span', 'Logout').click();\ncy.url().should('include', '/login');",
              "err": {},
              "uuid": "e049c0cb-b492-4e1a-829c-37c1fdaed15a",
              "parentUUID": "43698498-30ae-47d0-9bd9-237a54682681",
              "isHook": false,
              "skipped": false
            },
            {
              "title": "Should display error message when login fails",
              "fullTitle": "Login spec Should display error message when login fails",
              "timedOut": null,
              "duration": 924,
              "state": "passed",
              "speed": "fast",
              "pass": true,
              "fail": false,
              "pending": false,
              "context": null,
              "code": "cy.visit('/login');\ncy.get('input[formControlName=email]').type('wrong@user.com');\ncy.get('input[formControlName=password]').type('badpassword');\ncy.get('button[type=submit]').click();\ncy.get('.error')\n    .should('be.visible')\n    .and('contain.text', 'An error occurred');\ncy.url().should('include', '/login');\ncy.window().then(win => {\n    expect(win.localStorage.getItem('session')).to.be.null;\n});",
              "err": {},
              "uuid": "2a1fe76c-d7af-4953-b41e-0295729aadcf",
              "parentUUID": "43698498-30ae-47d0-9bd9-237a54682681",
              "isHook": false,
              "skipped": false
            },
            {
              "title": "Should disable submit when email is missing or invalid",
              "fullTitle": "Login spec Should disable submit when email is missing or invalid",
              "timedOut": null,
              "duration": 737,
              "state": "passed",
              "speed": "fast",
              "pass": true,
              "fail": false,
              "pending": false,
              "context": null,
              "code": "cy.visit('/login');\ncy.get('input[formControlName=password]').type('test!1234');\ncy.get('button[type=submit]').should('be.disabled');\ncy.get('input[formControlName=email]').type('not-an-email');\ncy.get('button[type=submit]').should('be.disabled');",
              "err": {},
              "uuid": "a0de6cd9-2856-40f8-9600-da921b93017d",
              "parentUUID": "43698498-30ae-47d0-9bd9-237a54682681",
              "isHook": false,
              "skipped": false
            },
            {
              "title": "Should disable submit when password is missing",
              "fullTitle": "Login spec Should disable submit when password is missing",
              "timedOut": null,
              "duration": 576,
              "state": "passed",
              "speed": "fast",
              "pass": true,
              "fail": false,
              "pending": false,
              "context": null,
              "code": "cy.visit('/login');\ncy.get('input[formControlName=email]').type(_common_fixtures_user_fixtures_cy_ts__WEBPACK_IMPORTED_MODULE_0__.userFixtures.username);\ncy.get('button[type=submit]').should('be.disabled');",
              "err": {},
              "uuid": "46075c03-894a-4071-b031-4637b6054602",
              "parentUUID": "43698498-30ae-47d0-9bd9-237a54682681",
              "isHook": false,
              "skipped": false
            }
          ],
          "suites": [],
          "passes": [
            "2bf4f16e-cf99-48c5-bc41-29bf8611a8cf",
            "e049c0cb-b492-4e1a-829c-37c1fdaed15a",
            "2a1fe76c-d7af-4953-b41e-0295729aadcf",
            "a0de6cd9-2856-40f8-9600-da921b93017d",
            "46075c03-894a-4071-b031-4637b6054602"
          ],
          "failures": [],
          "pending": [],
          "skipped": [],
          "duration": 5236,
          "root": false,
          "rootEmpty": false,
          "_timeout": 2000
        }
      ],
      "passes": [],
      "failures": [],
      "pending": [],
      "skipped": [],
      "duration": 0,
      "root": true,
      "rootEmpty": true,
      "_timeout": 2000
    },
    {
      "uuid": "58caa117-21ab-4bbd-a7ab-0a3141f9501c",
      "title": "",
      "fullFile": "cypress/e2e/app/pages/me/me.cy.ts",
      "file": "cypress/e2e/app/pages/me/me.cy.ts",
      "beforeHooks": [],
      "afterHooks": [],
      "tests": [],
      "suites": [
        {
          "uuid": "fc7702f9-55a6-4d4d-8d9e-775d335a6aa2",
          "title": "Account Detail page",
          "fullFile": "",
          "file": "",
          "beforeHooks": [],
          "afterHooks": [],
          "tests": [
            {
              "title": "Me - Should swho account page and see username and go back",
              "fullTitle": "Account Detail page Me - Should swho account page and see username and go back",
              "timedOut": null,
              "duration": 1952,
              "state": "passed",
              "speed": "fast",
              "pass": true,
              "fail": false,
              "pending": false,
              "context": null,
              "code": "cy.visit('/me');\ncy.contains(_common_fixtures_user_fixtures_cy_ts__WEBPACK_IMPORTED_MODULE_0__.userFixtures.firstName);\ncy.contains(_common_fixtures_user_fixtures_cy_ts__WEBPACK_IMPORTED_MODULE_0__.userFixtures.lastName);\ncy.contains(_common_fixtures_user_fixtures_cy_ts__WEBPACK_IMPORTED_MODULE_0__.userFixtures.username);\ncy.contains('button', 'arrow_back').click();\ncy.url().should('include', '/sessions');",
              "err": {},
              "uuid": "d94acb30-3591-498c-900f-1eb964943be3",
              "parentUUID": "fc7702f9-55a6-4d4d-8d9e-775d335a6aa2",
              "isHook": false,
              "skipped": false
            }
          ],
          "suites": [],
          "passes": [
            "d94acb30-3591-498c-900f-1eb964943be3"
          ],
          "failures": [],
          "pending": [],
          "skipped": [],
          "duration": 1952,
          "root": false,
          "rootEmpty": false,
          "_timeout": 2000
        }
      ],
      "passes": [],
      "failures": [],
      "pending": [],
      "skipped": [],
      "duration": 0,
      "root": true,
      "rootEmpty": true,
      "_timeout": 2000
    },
    {
      "uuid": "d228e0c6-46c7-4968-b63e-0d43bc4a346b",
      "title": "",
      "fullFile": "cypress/e2e/app/pages/not-found/not-found.cy.ts",
      "file": "cypress/e2e/app/pages/not-found/not-found.cy.ts",
      "beforeHooks": [],
      "afterHooks": [],
      "tests": [],
      "suites": [
        {
          "uuid": "70bf4b20-8a93-4959-b9fe-01e8c07ba050",
          "title": "NotFound page",
          "fullFile": "",
          "file": "",
          "beforeHooks": [],
          "afterHooks": [],
          "tests": [
            {
              "title": "should display Not Found page when navigating to unknown route",
              "fullTitle": "NotFound page should display Not Found page when navigating to unknown route",
              "timedOut": null,
              "duration": 371,
              "state": "passed",
              "speed": "fast",
              "pass": true,
              "fail": false,
              "pending": false,
              "context": null,
              "code": "cy.visit('/this-route-does-not-exist', { failOnStatusCode: false });\ncy.url().should('include', '/404');\ncy.get('h1')\n    .should('be.visible')\n    .and('have.text', 'Page not found !');\ncy.get('h1').should('have.length', 1);\ncy.get('h1').should('have.text', 'Page not found !');",
              "err": {},
              "uuid": "1070559c-708b-4f79-8a61-2714907eec1e",
              "parentUUID": "70bf4b20-8a93-4959-b9fe-01e8c07ba050",
              "isHook": false,
              "skipped": false
            }
          ],
          "suites": [],
          "passes": [
            "1070559c-708b-4f79-8a61-2714907eec1e"
          ],
          "failures": [],
          "pending": [],
          "skipped": [],
          "duration": 371,
          "root": false,
          "rootEmpty": false,
          "_timeout": 2000
        }
      ],
      "passes": [],
      "failures": [],
      "pending": [],
      "skipped": [],
      "duration": 0,
      "root": true,
      "rootEmpty": true,
      "_timeout": 2000
    },
    {
      "uuid": "c6f6c966-5984-43aa-89df-de82d73f8c7e",
      "title": "",
      "fullFile": "cypress/e2e/app/pages/register/register.cy.ts",
      "file": "cypress/e2e/app/pages/register/register.cy.ts",
      "beforeHooks": [],
      "afterHooks": [],
      "tests": [],
      "suites": [
        {
          "uuid": "3f448d99-73c6-4953-8e27-c3012973ec40",
          "title": "Register page",
          "fullFile": "",
          "file": "",
          "beforeHooks": [],
          "afterHooks": [],
          "tests": [
            {
              "title": "Should display register form correctly",
              "fullTitle": "Register page Should display register form correctly",
              "timedOut": null,
              "duration": 362,
              "state": "passed",
              "speed": "fast",
              "pass": true,
              "fail": false,
              "pending": false,
              "context": null,
              "code": "cy.get('mat-card-title').should('have.text', 'Register');\ncy.get('input[formControlName=firstName]').should('exist');\ncy.get('input[formControlName=lastName]').should('exist');\ncy.get('input[formControlName=email]').should('exist');\ncy.get('input[formControlName=password]').should('exist');\ncy.get('button[type=submit]').should('be.disabled');",
              "err": {},
              "uuid": "d0ec1eb0-8b35-4860-b3e5-8c19b3e031f1",
              "parentUUID": "3f448d99-73c6-4953-8e27-c3012973ec40",
              "isHook": false,
              "skipped": false
            },
            {
              "title": "Should register successfully and redirect to login",
              "fullTitle": "Register page Should register successfully and redirect to login",
              "timedOut": null,
              "duration": 1329,
              "state": "passed",
              "speed": "fast",
              "pass": true,
              "fail": false,
              "pending": false,
              "context": null,
              "code": "cy.intercept('POST', '/api/auth/register', {\n    statusCode: 200,\n    body: {}\n}).as('register');\ncy.get('input[formControlName=firstName]').type('John');\ncy.get('input[formControlName=lastName]').type('Doe');\ncy.get('input[formControlName=email]').type('john.doe@example.com');\ncy.get('input[formControlName=password]').type('123456');\ncy.get('button[type=submit]').should('not.be.disabled').click();\ncy.wait('@register');\ncy.url().should('include', '/login');",
              "err": {},
              "uuid": "75c95580-7cad-4619-89f4-13a0fdc0dd5d",
              "parentUUID": "3f448d99-73c6-4953-8e27-c3012973ec40",
              "isHook": false,
              "skipped": false
            },
            {
              "title": "Should display error message when register fails",
              "fullTitle": "Register page Should display error message when register fails",
              "timedOut": null,
              "duration": 1291,
              "state": "passed",
              "speed": "fast",
              "pass": true,
              "fail": false,
              "pending": false,
              "context": null,
              "code": "cy.intercept('POST', '/api/auth/register', {\n    statusCode: 500\n}).as('register');\ncy.get('input[formControlName=firstName]').type('John');\ncy.get('input[formControlName=lastName]').type('Doe');\ncy.get('input[formControlName=email]').type('john.doe@example.com');\ncy.get('input[formControlName=password]').type('123456');\ncy.get('button[type=submit]').click();\ncy.wait('@register');\ncy.get('.error')\n    .should('be.visible')\n    .and('contain.text', 'An error occurred');\ncy.url().should('include', '/register');",
              "err": {},
              "uuid": "874179a0-554c-415a-b914-eee1a43f9f40",
              "parentUUID": "3f448d99-73c6-4953-8e27-c3012973ec40",
              "isHook": false,
              "skipped": false
            },
            {
              "title": "Should not submit when form is invalid",
              "fullTitle": "Register page Should not submit when form is invalid",
              "timedOut": null,
              "duration": 746,
              "state": "passed",
              "speed": "fast",
              "pass": true,
              "fail": false,
              "pending": false,
              "context": null,
              "code": "cy.get('button[type=submit]').should('be.disabled');\ncy.intercept('POST', '/api/auth/register').as('register');\ncy.get('button[type=submit]').click({ force: true });\ncy.wait(500);\ncy.get('@register.all').should('have.length', 0);",
              "err": {},
              "uuid": "1214b627-8325-4339-af8d-a04ad0abf5bf",
              "parentUUID": "3f448d99-73c6-4953-8e27-c3012973ec40",
              "isHook": false,
              "skipped": false
            },
            {
              "title": "Should disable submit and show errors when fields are invalid",
              "fullTitle": "Register page Should disable submit and show errors when fields are invalid",
              "timedOut": null,
              "duration": 1207,
              "state": "passed",
              "speed": "fast",
              "pass": true,
              "fail": false,
              "pending": false,
              "context": null,
              "code": "cy.get('button[type=submit]').should('be.disabled');\ncy.get('input[formControlName=firstName]').type('John');\ncy.get('button[type=submit]').should('be.disabled');\ncy.get('input[formControlName=lastName]').type('Doe');\ncy.get('button[type=submit]').should('be.disabled');\ncy.get('input[formControlName=email]').type('john.doe@example.com');\ncy.get('button[type=submit]').should('be.disabled');\ncy.get('input[formControlName=password]').type('123456');\ncy.get('button[type=submit]').should('not.be.disabled');",
              "err": {},
              "uuid": "fbdf7709-6fd2-4688-9cd0-faa30e3ac350",
              "parentUUID": "3f448d99-73c6-4953-8e27-c3012973ec40",
              "isHook": false,
              "skipped": false
            }
          ],
          "suites": [],
          "passes": [
            "d0ec1eb0-8b35-4860-b3e5-8c19b3e031f1",
            "75c95580-7cad-4619-89f4-13a0fdc0dd5d",
            "874179a0-554c-415a-b914-eee1a43f9f40",
            "1214b627-8325-4339-af8d-a04ad0abf5bf",
            "fbdf7709-6fd2-4688-9cd0-faa30e3ac350"
          ],
          "failures": [],
          "pending": [],
          "skipped": [],
          "duration": 4935,
          "root": false,
          "rootEmpty": false,
          "_timeout": 2000
        }
      ],
      "passes": [],
      "failures": [],
      "pending": [],
      "skipped": [],
      "duration": 0,
      "root": true,
      "rootEmpty": true,
      "_timeout": 2000
    },
    {
      "uuid": "010cfb81-8673-452d-a302-f95f7461af58",
      "title": "",
      "fullFile": "cypress/e2e/app/pages/sessions/detail/sessions.detail.cy.ts",
      "file": "cypress/e2e/app/pages/sessions/detail/sessions.detail.cy.ts",
      "beforeHooks": [],
      "afterHooks": [],
      "tests": [],
      "suites": [
        {
          "uuid": "a685fe73-4b1f-45a2-85a2-f3fe3c2677a6",
          "title": "Session Detail page",
          "fullFile": "",
          "file": "",
          "beforeHooks": [],
          "afterHooks": [],
          "tests": [
            {
              "title": "Should show see infos and delete button for admin",
              "fullTitle": "Session Detail page Should show see infos and delete button for admin",
              "timedOut": null,
              "duration": 1613,
              "state": "passed",
              "speed": "fast",
              "pass": true,
              "fail": false,
              "pending": false,
              "context": null,
              "code": "cy.loginAndStoreSession();\ncy.visit(`/sessions/detail/${_common_fixtures_sessions_fixtures_cy_ts__WEBPACK_IMPORTED_MODULE_0__.sessionsFixtures[0].id}`);\ncy.contains(_common_fixtures_sessions_fixtures_cy_ts__WEBPACK_IMPORTED_MODULE_0__.sessionsFixtures[0].name);\ncy.contains(_common_fixtures_sessions_fixtures_cy_ts__WEBPACK_IMPORTED_MODULE_0__.sessionsFixtures[0].descrition);\ncy.contains('button', 'Delete').should('be.visible');",
              "err": {},
              "uuid": "5013062f-5340-4a0f-96cb-bc1dcb24f4cd",
              "parentUUID": "a685fe73-4b1f-45a2-85a2-f3fe3c2677a6",
              "isHook": false,
              "skipped": false
            },
            {
              "title": "Should visit participate and go back",
              "fullTitle": "Session Detail page Should visit participate and go back",
              "timedOut": null,
              "duration": 1417,
              "state": "passed",
              "speed": "fast",
              "pass": true,
              "fail": false,
              "pending": false,
              "context": null,
              "code": "cy.loginAndStoreSession(_common_fixtures_user_fixtures_cy_ts__WEBPACK_IMPORTED_MODULE_1__.userFixtures);\ncy.visit(`/sessions/detail/${_common_fixtures_sessions_fixtures_cy_ts__WEBPACK_IMPORTED_MODULE_0__.sessionsFixtures[0].id}`);\ncy.contains('button', 'Participate').click();\ncy.contains('button', 'Do not participate');\ncy.url().should('include', '/sessions');",
              "err": {},
              "uuid": "9f390484-93ab-4c9b-9055-e9326befc735",
              "parentUUID": "a685fe73-4b1f-45a2-85a2-f3fe3c2677a6",
              "isHook": false,
              "skipped": false
            },
            {
              "title": "Should visit no longer participate and go back",
              "fullTitle": "Session Detail page Should visit no longer participate and go back",
              "timedOut": null,
              "duration": 1391,
              "state": "passed",
              "speed": "fast",
              "pass": true,
              "fail": false,
              "pending": false,
              "context": null,
              "code": "cy.loginAndStoreSession(_common_fixtures_user_fixtures_cy_ts__WEBPACK_IMPORTED_MODULE_1__.userFixtures);\ncy.visit(`/sessions/detail/${_common_fixtures_sessions_fixtures_cy_ts__WEBPACK_IMPORTED_MODULE_0__.sessionsFixtures[0].id}`);\ncy.contains('button', 'Do not participate').click();\ncy.contains('button', 'Participate');\ncy.url().should('include', '/sessions');",
              "err": {},
              "uuid": "7e93aa4b-6658-4745-b2cb-beaac12ade6c",
              "parentUUID": "a685fe73-4b1f-45a2-85a2-f3fe3c2677a6",
              "isHook": false,
              "skipped": false
            }
          ],
          "suites": [],
          "passes": [
            "5013062f-5340-4a0f-96cb-bc1dcb24f4cd",
            "9f390484-93ab-4c9b-9055-e9326befc735",
            "7e93aa4b-6658-4745-b2cb-beaac12ade6c"
          ],
          "failures": [],
          "pending": [],
          "skipped": [],
          "duration": 4421,
          "root": false,
          "rootEmpty": false,
          "_timeout": 2000
        }
      ],
      "passes": [],
      "failures": [],
      "pending": [],
      "skipped": [],
      "duration": 0,
      "root": true,
      "rootEmpty": true,
      "_timeout": 2000
    },
    {
      "uuid": "de8990fb-465d-4b55-bfbb-493239e2c205",
      "title": "",
      "fullFile": "cypress/e2e/app/pages/sessions/form/sessions.form.create.cy.ts",
      "file": "cypress/e2e/app/pages/sessions/form/sessions.form.create.cy.ts",
      "beforeHooks": [],
      "afterHooks": [],
      "tests": [],
      "suites": [
        {
          "uuid": "a66ae476-d192-443b-b039-136909015dd8",
          "title": "Session Create page",
          "fullFile": "",
          "file": "",
          "beforeHooks": [],
          "afterHooks": [],
          "tests": [
            {
              "title": "Should disable submit and show errors when fields are invalid",
              "fullTitle": "Session Create page Should disable submit and show errors when fields are invalid",
              "timedOut": null,
              "duration": 2691,
              "state": "passed",
              "speed": "fast",
              "pass": true,
              "fail": false,
              "pending": false,
              "context": null,
              "code": "cy.get('button[type=submit]').should('be.disabled');\ncy.get('input[formControlName=name]').type(_common_fixtures_sessions_fixtures_cy_ts__WEBPACK_IMPORTED_MODULE_0__.sessionsFixtures[1].name);\ncy.get('button[type=submit]').should('be.disabled');\ncy.get('input[formControlName=date]').type(_common_fixtures_sessions_fixtures_cy_ts__WEBPACK_IMPORTED_MODULE_0__.sessionsFixtures[1].date);\ncy.get('button[type=submit]').should('be.disabled');\ncy.get('[formControlName=teacherId]').click();\ncy.get('#mat-option-0').click();\ncy.get('button[type=submit]').should('be.disabled');\ncy.get('textarea[formControlName=description]').type(_common_fixtures_sessions_fixtures_cy_ts__WEBPACK_IMPORTED_MODULE_0__.sessionsFixtures[1].descrition);\ncy.get('button[type=submit]').should('not.be.disabled');",
              "err": {},
              "uuid": "856405b6-9abd-44e9-a07b-c819a7a20924",
              "parentUUID": "a66ae476-d192-443b-b039-136909015dd8",
              "isHook": false,
              "skipped": false
            },
            {
              "title": "Should commplete and submit when valid then go back and see new session in list",
              "fullTitle": "Session Create page Should commplete and submit when valid then go back and see new session in list",
              "timedOut": null,
              "duration": 2452,
              "state": "passed",
              "speed": "fast",
              "pass": true,
              "fail": false,
              "pending": false,
              "context": null,
              "code": "cy.get('input[formControlName=name]').type(_common_fixtures_sessions_fixtures_cy_ts__WEBPACK_IMPORTED_MODULE_0__.sessionsFixtures[1].name);\ncy.get('input[formControlName=date]').type(_common_fixtures_sessions_fixtures_cy_ts__WEBPACK_IMPORTED_MODULE_0__.sessionsFixtures[1].date);\ncy.get('[formControlName=teacherId]').click();\ncy.get('#mat-option-0').click();\ncy.get('textarea[formControlName=description]').type(_common_fixtures_sessions_fixtures_cy_ts__WEBPACK_IMPORTED_MODULE_0__.sessionsFixtures[1].descrition);\ncy.get('button[type=submit]').click();\ncy.url().should('include', '/sessions');\ncy.contains(_common_fixtures_sessions_fixtures_cy_ts__WEBPACK_IMPORTED_MODULE_0__.sessionsFixtures[1].name);",
              "err": {},
              "uuid": "ea106182-498d-42b7-b716-f615af638111",
              "parentUUID": "a66ae476-d192-443b-b039-136909015dd8",
              "isHook": false,
              "skipped": false
            }
          ],
          "suites": [],
          "passes": [
            "856405b6-9abd-44e9-a07b-c819a7a20924",
            "ea106182-498d-42b7-b716-f615af638111"
          ],
          "failures": [],
          "pending": [],
          "skipped": [],
          "duration": 5143,
          "root": false,
          "rootEmpty": false,
          "_timeout": 2000
        }
      ],
      "passes": [],
      "failures": [],
      "pending": [],
      "skipped": [],
      "duration": 0,
      "root": true,
      "rootEmpty": true,
      "_timeout": 2000
    },
    {
      "uuid": "cf6b4c70-eec6-40b1-9bbd-91987bb58c5b",
      "title": "",
      "fullFile": "cypress/e2e/app/pages/sessions/form/sessions.form.update.cy.ts",
      "file": "cypress/e2e/app/pages/sessions/form/sessions.form.update.cy.ts",
      "beforeHooks": [],
      "afterHooks": [],
      "tests": [],
      "suites": [
        {
          "uuid": "f498899f-df17-4018-9468-0ed9ad264b27",
          "title": "Session Update page",
          "fullFile": "",
          "file": "",
          "beforeHooks": [],
          "afterHooks": [],
          "tests": [
            {
              "title": "Should disable submit and show errors when fields are invalid",
              "fullTitle": "Session Update page Should disable submit and show errors when fields are invalid",
              "timedOut": null,
              "duration": 3056,
              "state": "passed",
              "speed": "fast",
              "pass": true,
              "fail": false,
              "pending": false,
              "context": null,
              "code": "cy.visit('/sessions');\ncy.contains('.mat-mdc-card-header-text', _common_fixtures_sessions_fixtures_cy_ts__WEBPACK_IMPORTED_MODULE_0__.sessionsFixtures[1].name)\n    .parents('.mat-mdc-card.mdc-card.item')\n    .find('button')\n    .contains('Edit')\n    .click();\ncy.get('input[formControlName=name]').clear();\ncy.get('button[type=submit]').should('be.disabled');\ncy.get('input[formControlName=name]').type(_common_fixtures_sessions_fixtures_cy_ts__WEBPACK_IMPORTED_MODULE_0__.sessionsFixtures[1].name);\ncy.get('input[formControlName=date]').clear();\ncy.get('button[type=submit]').should('be.disabled');\ncy.get('input[formControlName=date]').type(_common_fixtures_sessions_fixtures_cy_ts__WEBPACK_IMPORTED_MODULE_0__.sessionsFixtures[1].date);\ncy.get('textarea[formControlName=description]').clear();\ncy.get('button[type=submit]').should('be.disabled');\ncy.get('textarea[formControlName=description]').type(_common_fixtures_sessions_fixtures_cy_ts__WEBPACK_IMPORTED_MODULE_0__.sessionsFixtures[1].descrition);\ncy.get('button[type=submit]').should('not.be.disabled');",
              "err": {},
              "uuid": "053092ae-d47b-45b0-b527-e6d4914e91aa",
              "parentUUID": "f498899f-df17-4018-9468-0ed9ad264b27",
              "isHook": false,
              "skipped": false
            },
            {
              "title": "Should commplete and submit when valid then go back and see new session in list",
              "fullTitle": "Session Update page Should commplete and submit when valid then go back and see new session in list",
              "timedOut": null,
              "duration": 2866,
              "state": "passed",
              "speed": "fast",
              "pass": true,
              "fail": false,
              "pending": false,
              "context": null,
              "code": "cy.visit('/sessions');\ncy.contains('.mat-mdc-card-header-text', _common_fixtures_sessions_fixtures_cy_ts__WEBPACK_IMPORTED_MODULE_0__.sessionsFixtures[1].name)\n    .parents('.mat-mdc-card.mdc-card.item')\n    .find('button')\n    .contains('Edit')\n    .click();\ncy.get('input[formControlName=name]').type(_common_fixtures_sessions_fixtures_cy_ts__WEBPACK_IMPORTED_MODULE_0__.sessionsFixtures[1].name + '_update');\ncy.get('input[formControlName=date]').type(_common_fixtures_sessions_fixtures_cy_ts__WEBPACK_IMPORTED_MODULE_0__.sessionsFixtures[1].date);\ncy.get('[formControlName=teacherId]').click();\ncy.get('#mat-option-1').click();\ncy.get('textarea[formControlName=description]').type(_common_fixtures_sessions_fixtures_cy_ts__WEBPACK_IMPORTED_MODULE_0__.sessionsFixtures[1].descrition + '_update');\ncy.get('button[type=submit]').click();\ncy.url().should('include', '/sessions');\ncy.contains(_common_fixtures_sessions_fixtures_cy_ts__WEBPACK_IMPORTED_MODULE_0__.sessionsFixtures[1].name);",
              "err": {},
              "uuid": "14d4c13b-849c-4fe2-8dfd-2dae16b681d3",
              "parentUUID": "f498899f-df17-4018-9468-0ed9ad264b27",
              "isHook": false,
              "skipped": false
            },
            {
              "title": "Should access detail new session and delete it then go back",
              "fullTitle": "Session Update page Should access detail new session and delete it then go back",
              "timedOut": null,
              "duration": 1301,
              "state": "passed",
              "speed": "fast",
              "pass": true,
              "fail": false,
              "pending": false,
              "context": null,
              "code": "cy.contains('.mat-mdc-card-header-text', _common_fixtures_sessions_fixtures_cy_ts__WEBPACK_IMPORTED_MODULE_0__.sessionsFixtures[1].name + '_update')\n    .parents('.mat-mdc-card.mdc-card.item')\n    .find('button')\n    .contains('Detail')\n    .click();\ncy.contains('button', 'Delete').click();\ncy.url().should('include', '/sessions');",
              "err": {},
              "uuid": "76a30fc5-d2c4-4f4a-8db1-c9a52444b0e3",
              "parentUUID": "f498899f-df17-4018-9468-0ed9ad264b27",
              "isHook": false,
              "skipped": false
            }
          ],
          "suites": [],
          "passes": [
            "053092ae-d47b-45b0-b527-e6d4914e91aa",
            "14d4c13b-849c-4fe2-8dfd-2dae16b681d3",
            "76a30fc5-d2c4-4f4a-8db1-c9a52444b0e3"
          ],
          "failures": [],
          "pending": [],
          "skipped": [],
          "duration": 7223,
          "root": false,
          "rootEmpty": false,
          "_timeout": 2000
        }
      ],
      "passes": [],
      "failures": [],
      "pending": [],
      "skipped": [],
      "duration": 0,
      "root": true,
      "rootEmpty": true,
      "_timeout": 2000
    },
    {
      "uuid": "2d597681-e035-4ac2-9073-a4d35dd024cf",
      "title": "",
      "fullFile": "cypress/e2e/app/pages/sessions/list/sessions.list.cy.ts",
      "file": "cypress/e2e/app/pages/sessions/list/sessions.list.cy.ts",
      "beforeHooks": [],
      "afterHooks": [],
      "tests": [],
      "suites": [
        {
          "uuid": "7e3b691e-2669-4f18-84e3-1edfc16ae0c2",
          "title": "Sessions List page",
          "fullFile": "",
          "file": "",
          "beforeHooks": [],
          "afterHooks": [],
          "tests": [
            {
              "title": "Should display sessions information",
              "fullTitle": "Sessions List page Should display sessions information",
              "timedOut": null,
              "duration": 1681,
              "state": "passed",
              "speed": "fast",
              "pass": true,
              "fail": false,
              "pending": false,
              "context": null,
              "code": "cy.contains('Sessions available');\ncy.contains(_common_fixtures_sessions_fixtures_cy_ts__WEBPACK_IMPORTED_MODULE_0__.sessionsFixtures[0].name);",
              "err": {},
              "uuid": "a1d4c419-a0ba-4541-b3a4-66fdea6f6b53",
              "parentUUID": "7e3b691e-2669-4f18-84e3-1edfc16ae0c2",
              "isHook": false,
              "skipped": false
            },
            {
              "title": "Should acces to create session form and go back",
              "fullTitle": "Sessions List page Should acces to create session form and go back",
              "timedOut": null,
              "duration": 1462,
              "state": "passed",
              "speed": "fast",
              "pass": true,
              "fail": false,
              "pending": false,
              "context": null,
              "code": "cy.contains('button', 'Create').click();\ncy.url().should('include', '/sessions/create');\ncy.contains(\"Create session\");\ncy.contains('button', 'arrow_back').click();\ncy.url().should('include', '/sessions');",
              "err": {},
              "uuid": "44453972-a25a-4567-aae1-cec54296f0db",
              "parentUUID": "7e3b691e-2669-4f18-84e3-1edfc16ae0c2",
              "isHook": false,
              "skipped": false
            },
            {
              "title": "Should acces to detail session go back",
              "fullTitle": "Sessions List page Should acces to detail session go back",
              "timedOut": null,
              "duration": 1525,
              "state": "passed",
              "speed": "fast",
              "pass": true,
              "fail": false,
              "pending": false,
              "context": null,
              "code": "cy.contains('button', 'Detail').click();\ncy.url().should('include', '/sessions/detail/' + _common_fixtures_sessions_fixtures_cy_ts__WEBPACK_IMPORTED_MODULE_0__.sessionsFixtures[0].id);\ncy.contains(_common_fixtures_sessions_fixtures_cy_ts__WEBPACK_IMPORTED_MODULE_0__.sessionsFixtures[0].name);\ncy.contains('button', 'arrow_back').click();\ncy.url().should('include', '/sessions');",
              "err": {},
              "uuid": "856b937c-fe82-44da-8e6e-1f5b23dfc05a",
              "parentUUID": "7e3b691e-2669-4f18-84e3-1edfc16ae0c2",
              "isHook": false,
              "skipped": false
            },
            {
              "title": "Should acces to edit session go back",
              "fullTitle": "Sessions List page Should acces to edit session go back",
              "timedOut": null,
              "duration": 1491,
              "state": "passed",
              "speed": "fast",
              "pass": true,
              "fail": false,
              "pending": false,
              "context": null,
              "code": "cy.contains('button', 'Edit').click();\ncy.url().should('include', '/sessions/update/' + _common_fixtures_sessions_fixtures_cy_ts__WEBPACK_IMPORTED_MODULE_0__.sessionsFixtures[0].id);\ncy.contains('Update session');\ncy.contains('button', 'Save');\ncy.contains('button', 'arrow_back').click();\ncy.url().should('include', '/sessions');",
              "err": {},
              "uuid": "9d2e38d7-d670-48b3-bb16-c46fa830f858",
              "parentUUID": "7e3b691e-2669-4f18-84e3-1edfc16ae0c2",
              "isHook": false,
              "skipped": false
            }
          ],
          "suites": [],
          "passes": [
            "a1d4c419-a0ba-4541-b3a4-66fdea6f6b53",
            "44453972-a25a-4567-aae1-cec54296f0db",
            "856b937c-fe82-44da-8e6e-1f5b23dfc05a",
            "9d2e38d7-d670-48b3-bb16-c46fa830f858"
          ],
          "failures": [],
          "pending": [],
          "skipped": [],
          "duration": 6159,
          "root": false,
          "rootEmpty": false,
          "_timeout": 2000
        }
      ],
      "passes": [],
      "failures": [],
      "pending": [],
      "skipped": [],
      "duration": 0,
      "root": true,
      "rootEmpty": true,
      "_timeout": 2000
    }
  ],
  "meta": {
    "mocha": {
      "version": "7.2.0"
    },
    "mochawesome": {
      "options": {
        "quiet": false,
        "reportFilename": "mochawesome",
        "saveHtml": false,
        "saveJson": true,
        "consoleReporter": "spec",
        "useInlineDiffs": false,
        "code": true
      },
      "version": "7.1.4"
    },
    "marge": {
      "options": {
        "reportDir": "cypress/reports",
        "overwrite": false,
        "html": false,
        "json": true
      },
      "version": "6.3.2"
    }
  }
}