{
  "stats": {
    "suites": 9,
    "tests": 29,
    "passes": 29,
    "pending": 0,
    "failures": 0,
    "testsRegistered": 29,
    "passPercent": 100,
    "pendingPercent": 0,
    "other": 0,
    "hasOther": false,
    "skipped": 0,
    "hasSkipped": false,
    "start": "2026-01-13T18:52:45.277Z",
    "end": "2026-01-20T12:49:34.469Z",
    "duration": 583009192
  },
  "results": [
    {
      "uuid": "93696879-f67f-4864-b6c6-daaf43b67d12",
      "title": "",
      "fullFile": "cypress/e2e/app/pages/login/login.cy.ts",
      "file": "cypress/e2e/app/pages/login/login.cy.ts",
      "beforeHooks": [],
      "afterHooks": [],
      "tests": [],
      "suites": [
        {
          "uuid": "43698498-30ae-47d0-9bd9-237a54682681",
          "title": "Login spec",
          "fullFile": "",
          "file": "",
          "beforeHooks": [],
          "afterHooks": [],
          "tests": [
            {
              "title": "Should login successfully and redirect to sessions",
              "fullTitle": "Login spec Should login successfully and redirect to sessions",
              "timedOut": null,
              "duration": 1815,
              "state": "passed",
              "speed": "fast",
              "pass": true,
              "fail": false,
              "pending": false,
              "context": null,
              "code": "cy.loginAndStoreSession(_common_fixtures_user_fixtures_cy_ts__WEBPACK_IMPORTED_MODULE_0__.userFixtures);\ncy.url().should('include', '/sessions');",
              "err": {},
              "uuid": "2bf4f16e-cf99-48c5-bc41-29bf8611a8cf",
              "parentUUID": "43698498-30ae-47d0-9bd9-237a54682681",
              "isHook": false,
              "skipped": false
            },
            {
              "title": "Should login and logout successfully",
              "fullTitle": "Login spec Should login and logout successfully",
              "timedOut": null,
              "duration": 1184,
              "state": "passed",
              "speed": "fast",
              "pass": true,
              "fail": false,
              "pending": false,
              "context": null,
              "code": "cy.loginAndStoreSession(_common_fixtures_user_fixtures_cy_ts__WEBPACK_IMPORTED_MODULE_0__.userFixtures);\ncy.url().should('include', '/sessions');\ncy.contains('span', 'Logout').click();\ncy.url().should('include', '/login');",
              "err": {},
              "uuid": "e049c0cb-b492-4e1a-829c-37c1fdaed15a",
              "parentUUID": "43698498-30ae-47d0-9bd9-237a54682681",
              "isHook": false,
              "skipped": false
            },
            {
              "title": "Should display error message when login fails",
              "fullTitle": "Login spec Should display error message when login fails",
              "timedOut": null,
              "duration": 924,
              "state": "passed",
              "speed": "fast",
              "pass": true,
              "fail": false,
              "pending": false,
              "context": null,
              "code": "cy.visit('/login');\ncy.get('input[formControlName=email]').type('wrong@user.com');\ncy.get('input[formControlName=password]').type('badpassword');\ncy.get('button[type=submit]').click();\ncy.get('.error')\n    .should('be.visible')\n    .and('contain.text', 'An error occurred');\ncy.url().should('include', '/login');\ncy.window().then(win => {\n    expect(win.localStorage.getItem('session')).to.be.null;\n});",
              "err": {},
              "uuid": "2a1fe76c-d7af-4953-b41e-0295729aadcf",
              "parentUUID": "43698498-30ae-47d0-9bd9-237a54682681",
              "isHook": false,
              "skipped": false
            },
            {
              "title": "Should disable submit when email is missing or invalid",
              "fullTitle": "Login spec Should disable submit when email is missing or invalid",
              "timedOut": null,
              "duration": 737,
              "state": "passed",
              "speed": "fast",
              "pass": true,
              "fail": false,
              "pending": false,
              "context": null,
              "code": "cy.visit('/login');\ncy.get('input[formControlName=password]').type('test!1234');\ncy.get('button[type=submit]').should('be.disabled');\ncy.get('input[formControlName=email]').type('not-an-email');\ncy.get('button[type=submit]').should('be.disabled');",
              "err": {},
              "uuid": "a0de6cd9-2856-40f8-9600-da921b93017d",
              "parentUUID": "43698498-30ae-47d0-9bd9-237a54682681",
              "isHook": false,
              "skipped": false
            },
            {
              "title": "Should disable submit when password is missing",
              "fullTitle": "Login spec Should disable submit when password is missing",
              "timedOut": null,
              "duration": 576,
              "state": "passed",
              "speed": "fast",
              "pass": true,
              "fail": false,
              "pending": false,
              "context": null,
              "code": "cy.visit('/login');\ncy.get('input[formControlName=email]').type(_common_fixtures_user_fixtures_cy_ts__WEBPACK_IMPORTED_MODULE_0__.userFixtures.username);\ncy.get('button[type=submit]').should('be.disabled');",
              "err": {},
              "uuid": "46075c03-894a-4071-b031-4637b6054602",
              "parentUUID": "43698498-30ae-47d0-9bd9-237a54682681",
              "isHook": false,
              "skipped": false
            }
          ],
          "suites": [],
          "passes": [
            "2bf4f16e-cf99-48c5-bc41-29bf8611a8cf",
            "e049c0cb-b492-4e1a-829c-37c1fdaed15a",
            "2a1fe76c-d7af-4953-b41e-0295729aadcf",
            "a0de6cd9-2856-40f8-9600-da921b93017d",
            "46075c03-894a-4071-b031-4637b6054602"
          ],
          "failures": [],
          "pending": [],
          "skipped": [],
          "duration": 5236,
          "root": false,
          "rootEmpty": false,
          "_timeout": 2000
        }
      ],
      "passes": [],
      "failures": [],
      "pending": [],
      "skipped": [],
      "duration": 0,
      "root": true,
      "rootEmpty": true,
      "_timeout": 2000
    },
    {
      "uuid": "109b1632-8ae6-4c85-8658-5510eb8ecbc6",
      "title": "",
      "fullFile": "cypress/e2e/app/pages/login/login.cy.ts",
      "file": "cypress/e2e/app/pages/login/login.cy.ts",
      "beforeHooks": [],
      "afterHooks": [],
      "tests": [],
      "suites": [
        {
          "uuid": "bb3efc77-3958-4aee-935d-8014aef8de11",
          "title": "Login spec",
          "fullFile": "",
          "file": "",
          "beforeHooks": [],
          "afterHooks": [],
          "tests": [
            {
              "title": "Should login successfully and redirect to sessions",
              "fullTitle": "Login spec Should login successfully and redirect to sessions",
              "timedOut": null,
              "duration": 1923,
              "state": "passed",
              "speed": "fast",
              "pass": true,
              "fail": false,
              "pending": false,
              "context": null,
              "code": "cy.loginAndStoreSession(_common_fixtures_user_fixtures_cy_ts__WEBPACK_IMPORTED_MODULE_0__.userFixtures);\ncy.url().should('include', '/sessions');",
              "err": {},
              "uuid": "726ebdb6-b284-46b0-b559-b7633124d8bf",
              "parentUUID": "bb3efc77-3958-4aee-935d-8014aef8de11",
              "isHook": false,
              "skipped": false
            },
            {
              "title": "Should login and logout successfully",
              "fullTitle": "Login spec Should login and logout successfully",
              "timedOut": null,
              "duration": 1594,
              "state": "passed",
              "speed": "fast",
              "pass": true,
              "fail": false,
              "pending": false,
              "context": null,
              "code": "cy.loginAndStoreSession(_common_fixtures_user_fixtures_cy_ts__WEBPACK_IMPORTED_MODULE_0__.userFixtures);\ncy.url().should('include', '/sessions');\ncy.contains('span', 'Logout').click();\ncy.url().should('include', '/login');",
              "err": {},
              "uuid": "402bc09d-cbc2-4be4-9325-bad502347731",
              "parentUUID": "bb3efc77-3958-4aee-935d-8014aef8de11",
              "isHook": false,
              "skipped": false
            },
            {
              "title": "Should display error message when login fails",
              "fullTitle": "Login spec Should display error message when login fails",
              "timedOut": null,
              "duration": 1309,
              "state": "passed",
              "speed": "fast",
              "pass": true,
              "fail": false,
              "pending": false,
              "context": null,
              "code": "cy.visit('/login');\ncy.get('input[formControlName=email]').type('wrong@user.com');\ncy.get('input[formControlName=password]').type('badpassword');\ncy.get('button[type=submit]').click();\ncy.get('.error')\n    .should('be.visible')\n    .and('contain.text', 'An error occurred');\ncy.url().should('include', '/login');\ncy.window().then(win => {\n    expect(win.localStorage.getItem('session')).to.be.null;\n});",
              "err": {},
              "uuid": "9c36bd22-63d2-45dd-9a8f-485832c779f6",
              "parentUUID": "bb3efc77-3958-4aee-935d-8014aef8de11",
              "isHook": false,
              "skipped": false
            },
            {
              "title": "Should disable submit when email is missing or invalid",
              "fullTitle": "Login spec Should disable submit when email is missing or invalid",
              "timedOut": null,
              "duration": 1198,
              "state": "passed",
              "speed": "fast",
              "pass": true,
              "fail": false,
              "pending": false,
              "context": null,
              "code": "cy.visit('/login');\ncy.get('input[formControlName=password]').type('test!1234');\ncy.get('button[type=submit]').should('be.disabled');\ncy.get('input[formControlName=email]').type('not-an-email');\ncy.get('button[type=submit]').should('be.disabled');",
              "err": {},
              "uuid": "5a68fe91-bb7b-44a4-b389-51c01479a297",
              "parentUUID": "bb3efc77-3958-4aee-935d-8014aef8de11",
              "isHook": false,
              "skipped": false
            },
            {
              "title": "Should disable submit when password is missing",
              "fullTitle": "Login spec Should disable submit when password is missing",
              "timedOut": null,
              "duration": 998,
              "state": "passed",
              "speed": "fast",
              "pass": true,
              "fail": false,
              "pending": false,
              "context": null,
              "code": "cy.visit('/login');\ncy.get('input[formControlName=email]').type(_common_fixtures_user_fixtures_cy_ts__WEBPACK_IMPORTED_MODULE_0__.userFixtures.username);\ncy.get('button[type=submit]').should('be.disabled');",
              "err": {},
              "uuid": "e07473bc-d71b-4fcd-bf4b-f6b4b37b6849",
              "parentUUID": "bb3efc77-3958-4aee-935d-8014aef8de11",
              "isHook": false,
              "skipped": false
            }
          ],
          "suites": [],
          "passes": [
            "726ebdb6-b284-46b0-b559-b7633124d8bf",
            "402bc09d-cbc2-4be4-9325-bad502347731",
            "9c36bd22-63d2-45dd-9a8f-485832c779f6",
            "5a68fe91-bb7b-44a4-b389-51c01479a297",
            "e07473bc-d71b-4fcd-bf4b-f6b4b37b6849"
          ],
          "failures": [],
          "pending": [],
          "skipped": [],
          "duration": 7022,
          "root": false,
          "rootEmpty": false,
          "_timeout": 2000
        }
      ],
      "passes": [],
      "failures": [],
      "pending": [],
      "skipped": [],
      "duration": 0,
      "root": true,
      "rootEmpty": true,
      "_timeout": 2000
    },
    {
      "uuid": "61a7ec85-61a5-4a41-8a21-acc1050d68ed",
      "title": "",
      "fullFile": "cypress/e2e/app/pages/me/me.cy.ts",
      "file": "cypress/e2e/app/pages/me/me.cy.ts",
      "beforeHooks": [],
      "afterHooks": [],
      "tests": [],
      "suites": [
        {
          "uuid": "18bcc1c3-bcc4-4e0d-8023-bbe24d30bdad",
          "title": "Account Detail page",
          "fullFile": "",
          "file": "",
          "beforeHooks": [],
          "afterHooks": [],
          "tests": [
            {
              "title": "Me - Should swho account page and see username and go back",
              "fullTitle": "Account Detail page Me - Should swho account page and see username and go back",
              "timedOut": null,
              "duration": 2838,
              "state": "passed",
              "speed": "fast",
              "pass": true,
              "fail": false,
              "pending": false,
              "context": null,
              "code": "cy.visit('/me');\ncy.contains(_common_fixtures_user_fixtures_cy_ts__WEBPACK_IMPORTED_MODULE_0__.userFixtures.firstName);\ncy.contains(_common_fixtures_user_fixtures_cy_ts__WEBPACK_IMPORTED_MODULE_0__.userFixtures.lastName);\ncy.contains(_common_fixtures_user_fixtures_cy_ts__WEBPACK_IMPORTED_MODULE_0__.userFixtures.username);\ncy.contains('button', 'arrow_back').click();\ncy.url().should('include', '/sessions');",
              "err": {},
              "uuid": "9f56c1bd-aae4-4c01-9ccd-0b77ff379136",
              "parentUUID": "18bcc1c3-bcc4-4e0d-8023-bbe24d30bdad",
              "isHook": false,
              "skipped": false
            }
          ],
          "suites": [],
          "passes": [
            "9f56c1bd-aae4-4c01-9ccd-0b77ff379136"
          ],
          "failures": [],
          "pending": [],
          "skipped": [],
          "duration": 2838,
          "root": false,
          "rootEmpty": false,
          "_timeout": 2000
        }
      ],
      "passes": [],
      "failures": [],
      "pending": [],
      "skipped": [],
      "duration": 0,
      "root": true,
      "rootEmpty": true,
      "_timeout": 2000
    },
    {
      "uuid": "7f37a423-ef92-45f8-bb48-d33beab74fbb",
      "title": "",
      "fullFile": "cypress/e2e/app/pages/not-found/not-found.cy.ts",
      "file": "cypress/e2e/app/pages/not-found/not-found.cy.ts",
      "beforeHooks": [],
      "afterHooks": [],
      "tests": [],
      "suites": [
        {
          "uuid": "832ea9f9-d2c5-4af0-8614-6ab1f8bf78b3",
          "title": "NotFound page",
          "fullFile": "",
          "file": "",
          "beforeHooks": [],
          "afterHooks": [],
          "tests": [
            {
              "title": "should display Not Found page when navigating to unknown route",
              "fullTitle": "NotFound page should display Not Found page when navigating to unknown route",
              "timedOut": null,
              "duration": 710,
              "state": "passed",
              "speed": "fast",
              "pass": true,
              "fail": false,
              "pending": false,
              "context": null,
              "code": "cy.visit('/this-route-does-not-exist', { failOnStatusCode: false });\ncy.url().should('include', '/404');\ncy.get('h1')\n    .should('be.visible')\n    .and('have.text', 'Page not found !');\ncy.get('h1').should('have.length', 1);\ncy.get('h1').should('have.text', 'Page not found !');",
              "err": {},
              "uuid": "9d8d3db7-e0e4-4363-8b88-d8bf30d15535",
              "parentUUID": "832ea9f9-d2c5-4af0-8614-6ab1f8bf78b3",
              "isHook": false,
              "skipped": false
            }
          ],
          "suites": [],
          "passes": [
            "9d8d3db7-e0e4-4363-8b88-d8bf30d15535"
          ],
          "failures": [],
          "pending": [],
          "skipped": [],
          "duration": 710,
          "root": false,
          "rootEmpty": false,
          "_timeout": 2000
        }
      ],
      "passes": [],
      "failures": [],
      "pending": [],
      "skipped": [],
      "duration": 0,
      "root": true,
      "rootEmpty": true,
      "_timeout": 2000
    },
    {
      "uuid": "67b07190-ae53-4e60-b9a8-fa3cfe26f507",
      "title": "",
      "fullFile": "cypress/e2e/app/pages/register/register.cy.ts",
      "file": "cypress/e2e/app/pages/register/register.cy.ts",
      "beforeHooks": [],
      "afterHooks": [],
      "tests": [],
      "suites": [
        {
          "uuid": "6d7e3356-751d-430c-ac37-ee0e06a2bb24",
          "title": "Register page",
          "fullFile": "",
          "file": "",
          "beforeHooks": [],
          "afterHooks": [],
          "tests": [
            {
              "title": "Should display register form correctly",
              "fullTitle": "Register page Should display register form correctly",
              "timedOut": null,
              "duration": 751,
              "state": "passed",
              "speed": "fast",
              "pass": true,
              "fail": false,
              "pending": false,
              "context": null,
              "code": "cy.get('mat-card-title').should('have.text', 'Register');\ncy.get('input[formControlName=firstName]').should('exist');\ncy.get('input[formControlName=lastName]').should('exist');\ncy.get('input[formControlName=email]').should('exist');\ncy.get('input[formControlName=password]').should('exist');\ncy.get('button[type=submit]').should('be.disabled');",
              "err": {},
              "uuid": "2dfa9f4f-b4df-4f2d-b0f7-21c02f9c37fc",
              "parentUUID": "6d7e3356-751d-430c-ac37-ee0e06a2bb24",
              "isHook": false,
              "skipped": false
            },
            {
              "title": "Should register successfully and redirect to login",
              "fullTitle": "Register page Should register successfully and redirect to login",
              "timedOut": null,
              "duration": 1717,
              "state": "passed",
              "speed": "fast",
              "pass": true,
              "fail": false,
              "pending": false,
              "context": null,
              "code": "cy.intercept('POST', '/api/auth/register', {\n    statusCode: 200,\n    body: {}\n}).as('register');\ncy.get('input[formControlName=firstName]').type('John');\ncy.get('input[formControlName=lastName]').type('Doe');\ncy.get('input[formControlName=email]').type('john.doe@example.com');\ncy.get('input[formControlName=password]').type('123456');\ncy.get('button[type=submit]').should('not.be.disabled').click();\ncy.wait('@register');\ncy.url().should('include', '/login');",
              "err": {},
              "uuid": "d9e7d3fc-7eea-479f-a69f-f396318dbd15",
              "parentUUID": "6d7e3356-751d-430c-ac37-ee0e06a2bb24",
              "isHook": false,
              "skipped": false
            },
            {
              "title": "Should display error message when register fails",
              "fullTitle": "Register page Should display error message when register fails",
              "timedOut": null,
              "duration": 1775,
              "state": "passed",
              "speed": "fast",
              "pass": true,
              "fail": false,
              "pending": false,
              "context": null,
              "code": "cy.intercept('POST', '/api/auth/register', {\n    statusCode: 500\n}).as('register');\ncy.get('input[formControlName=firstName]').type('John');\ncy.get('input[formControlName=lastName]').type('Doe');\ncy.get('input[formControlName=email]').type('john.doe@example.com');\ncy.get('input[formControlName=password]').type('123456');\ncy.get('button[type=submit]').click();\ncy.wait('@register');\ncy.get('.error')\n    .should('be.visible')\n    .and('contain.text', 'An error occurred');\ncy.url().should('include', '/register');",
              "err": {},
              "uuid": "782905f4-a534-4de3-a12f-c17631a2b2ef",
              "parentUUID": "6d7e3356-751d-430c-ac37-ee0e06a2bb24",
              "isHook": false,
              "skipped": false
            },
            {
              "title": "Should not submit when form is invalid",
              "fullTitle": "Register page Should not submit when form is invalid",
              "timedOut": null,
              "duration": 1187,
              "state": "passed",
              "speed": "fast",
              "pass": true,
              "fail": false,
              "pending": false,
              "context": null,
              "code": "cy.get('button[type=submit]').should('be.disabled');\ncy.intercept('POST', '/api/auth/register').as('register');\ncy.get('button[type=submit]').click({ force: true });\ncy.wait(500);\ncy.get('@register.all').should('have.length', 0);",
              "err": {},
              "uuid": "42ad908f-9ae2-4161-9e89-45953c115bf5",
              "parentUUID": "6d7e3356-751d-430c-ac37-ee0e06a2bb24",
              "isHook": false,
              "skipped": false
            },
            {
              "title": "Should disable submit and show errors when fields are invalid",
              "fullTitle": "Register page Should disable submit and show errors when fields are invalid",
              "timedOut": null,
              "duration": 1592,
              "state": "passed",
              "speed": "fast",
              "pass": true,
              "fail": false,
              "pending": false,
              "context": null,
              "code": "cy.get('button[type=submit]').should('be.disabled');\ncy.get('input[formControlName=firstName]').type('John');\ncy.get('button[type=submit]').should('be.disabled');\ncy.get('input[formControlName=lastName]').type('Doe');\ncy.get('button[type=submit]').should('be.disabled');\ncy.get('input[formControlName=email]').type('john.doe@example.com');\ncy.get('button[type=submit]').should('be.disabled');\ncy.get('input[formControlName=password]').type('123456');\ncy.get('button[type=submit]').should('not.be.disabled');",
              "err": {},
              "uuid": "20a5b919-4529-4b7b-947a-127509ad2971",
              "parentUUID": "6d7e3356-751d-430c-ac37-ee0e06a2bb24",
              "isHook": false,
              "skipped": false
            }
          ],
          "suites": [],
          "passes": [
            "2dfa9f4f-b4df-4f2d-b0f7-21c02f9c37fc",
            "d9e7d3fc-7eea-479f-a69f-f396318dbd15",
            "782905f4-a534-4de3-a12f-c17631a2b2ef",
            "42ad908f-9ae2-4161-9e89-45953c115bf5",
            "20a5b919-4529-4b7b-947a-127509ad2971"
          ],
          "failures": [],
          "pending": [],
          "skipped": [],
          "duration": 7022,
          "root": false,
          "rootEmpty": false,
          "_timeout": 2000
        }
      ],
      "passes": [],
      "failures": [],
      "pending": [],
      "skipped": [],
      "duration": 0,
      "root": true,
      "rootEmpty": true,
      "_timeout": 2000
    },
    {
      "uuid": "230ff833-c72c-41be-b65a-0e7c5e709eb1",
      "title": "",
      "fullFile": "cypress/e2e/app/pages/sessions/detail/sessions.detail.cy.ts",
      "file": "cypress/e2e/app/pages/sessions/detail/sessions.detail.cy.ts",
      "beforeHooks": [],
      "afterHooks": [],
      "tests": [],
      "suites": [
        {
          "uuid": "61dc8d83-ecf9-457b-a709-9d456d935a81",
          "title": "Session Detail page",
          "fullFile": "",
          "file": "",
          "beforeHooks": [],
          "afterHooks": [],
          "tests": [
            {
              "title": "Should show see infos and delete button for admin",
              "fullTitle": "Session Detail page Should show see infos and delete button for admin",
              "timedOut": null,
              "duration": 2394,
              "state": "passed",
              "speed": "fast",
              "pass": true,
              "fail": false,
              "pending": false,
              "context": null,
              "code": "cy.loginAndStoreSession();\ncy.visit(`/sessions/detail/${session.id}`);\ncy.contains(session.name);\ncy.contains(session.descrition);\ncy.contains('button', 'Delete').should('be.visible');",
              "err": {},
              "uuid": "5b822fea-8d07-49a8-a46c-f4bd4db860f9",
              "parentUUID": "61dc8d83-ecf9-457b-a709-9d456d935a81",
              "isHook": false,
              "skipped": false
            },
            {
              "title": "Should visit participate and go back",
              "fullTitle": "Session Detail page Should visit participate and go back",
              "timedOut": null,
              "duration": 2282,
              "state": "passed",
              "speed": "fast",
              "pass": true,
              "fail": false,
              "pending": false,
              "context": null,
              "code": "cy.loginAndStoreSession(_common_fixtures_user_fixtures_cy_ts__WEBPACK_IMPORTED_MODULE_1__.userFixtures);\ncy.visit(`/sessions/detail/${session.id}`);\ncy.contains('button', 'Participate').click();\ncy.contains('button', 'Do not participate');\ncy.url().should('include', '/sessions');",
              "err": {},
              "uuid": "d6a288a1-04cc-4d6e-849d-071a2b055e4b",
              "parentUUID": "61dc8d83-ecf9-457b-a709-9d456d935a81",
              "isHook": false,
              "skipped": false
            },
            {
              "title": "Should visit no longer participate and go back",
              "fullTitle": "Session Detail page Should visit no longer participate and go back",
              "timedOut": null,
              "duration": 2381,
              "state": "passed",
              "speed": "fast",
              "pass": true,
              "fail": false,
              "pending": false,
              "context": null,
              "code": "cy.loginAndStoreSession(_common_fixtures_user_fixtures_cy_ts__WEBPACK_IMPORTED_MODULE_1__.userFixtures);\ncy.visit(`/sessions/detail/${session.id}`);\ncy.contains('button', 'Do not participate').click();\ncy.contains('button', 'Participate');\ncy.url().should('include', '/sessions');",
              "err": {},
              "uuid": "0a60c7af-d487-4655-8a12-ac37c2305436",
              "parentUUID": "61dc8d83-ecf9-457b-a709-9d456d935a81",
              "isHook": false,
              "skipped": false
            }
          ],
          "suites": [],
          "passes": [
            "5b822fea-8d07-49a8-a46c-f4bd4db860f9",
            "d6a288a1-04cc-4d6e-849d-071a2b055e4b",
            "0a60c7af-d487-4655-8a12-ac37c2305436"
          ],
          "failures": [],
          "pending": [],
          "skipped": [],
          "duration": 7057,
          "root": false,
          "rootEmpty": false,
          "_timeout": 2000
        }
      ],
      "passes": [],
      "failures": [],
      "pending": [],
      "skipped": [],
      "duration": 0,
      "root": true,
      "rootEmpty": true,
      "_timeout": 2000
    },
    {
      "uuid": "a70a4c75-9063-4788-82be-7005e599411c",
      "title": "",
      "fullFile": "cypress/e2e/app/pages/sessions/form/sessions.form.create.cy.ts",
      "file": "cypress/e2e/app/pages/sessions/form/sessions.form.create.cy.ts",
      "beforeHooks": [],
      "afterHooks": [],
      "tests": [],
      "suites": [
        {
          "uuid": "27c0e9d5-95e4-4851-b3e2-0cdc391ebda9",
          "title": "Session Create page",
          "fullFile": "",
          "file": "",
          "beforeHooks": [],
          "afterHooks": [],
          "tests": [
            {
              "title": "Should disable submit and show errors when fields are invalid",
              "fullTitle": "Session Create page Should disable submit and show errors when fields are invalid",
              "timedOut": null,
              "duration": 3553,
              "state": "passed",
              "speed": "fast",
              "pass": true,
              "fail": false,
              "pending": false,
              "context": null,
              "code": "cy.get('button[type=submit]').should('be.disabled');\ncy.get('input[formControlName=name]').type(session.name);\ncy.get('button[type=submit]').should('be.disabled');\ncy.get('input[formControlName=date]').type(session.date);\ncy.get('button[type=submit]').should('be.disabled');\ncy.get('[formControlName=teacherId]').click();\ncy.get('#mat-option-0').click();\ncy.get('button[type=submit]').should('be.disabled');\ncy.get('textarea[formControlName=description]').type(session.descrition);\ncy.get('button[type=submit]').should('not.be.disabled');",
              "err": {},
              "uuid": "ec823052-5a5f-4ce6-a098-80e5f29cf4f3",
              "parentUUID": "27c0e9d5-95e4-4851-b3e2-0cdc391ebda9",
              "isHook": false,
              "skipped": false
            },
            {
              "title": "Should commplete and submit when valid then go back and see new session in list",
              "fullTitle": "Session Create page Should commplete and submit when valid then go back and see new session in list",
              "timedOut": null,
              "duration": 3228,
              "state": "passed",
              "speed": "fast",
              "pass": true,
              "fail": false,
              "pending": false,
              "context": null,
              "code": "cy.get('input[formControlName=name]').type(session.name);\ncy.get('input[formControlName=date]').type(session.date);\ncy.get('[formControlName=teacherId]').click();\ncy.get('#mat-option-0').click();\ncy.get('textarea[formControlName=description]').type(session.descrition);\ncy.get('button[type=submit]').click();\ncy.url().should('include', '/sessions');\ncy.contains(session.name);",
              "err": {},
              "uuid": "654d1663-dd6c-458a-a5bb-d7e83f67b5a6",
              "parentUUID": "27c0e9d5-95e4-4851-b3e2-0cdc391ebda9",
              "isHook": false,
              "skipped": false
            }
          ],
          "suites": [],
          "passes": [
            "ec823052-5a5f-4ce6-a098-80e5f29cf4f3",
            "654d1663-dd6c-458a-a5bb-d7e83f67b5a6"
          ],
          "failures": [],
          "pending": [],
          "skipped": [],
          "duration": 6781,
          "root": false,
          "rootEmpty": false,
          "_timeout": 2000
        }
      ],
      "passes": [],
      "failures": [],
      "pending": [],
      "skipped": [],
      "duration": 0,
      "root": true,
      "rootEmpty": true,
      "_timeout": 2000
    },
    {
      "uuid": "18292156-2353-4bbb-a977-610106029912",
      "title": "",
      "fullFile": "cypress/e2e/app/pages/sessions/form/sessions.form.update.cy.ts",
      "file": "cypress/e2e/app/pages/sessions/form/sessions.form.update.cy.ts",
      "beforeHooks": [],
      "afterHooks": [],
      "tests": [],
      "suites": [
        {
          "uuid": "9c9dccba-89d6-4fb7-9713-b63543d20349",
          "title": "Session Update page",
          "fullFile": "",
          "file": "",
          "beforeHooks": [],
          "afterHooks": [],
          "tests": [
            {
              "title": "Should disable submit and show errors when fields are invalid",
              "fullTitle": "Session Update page Should disable submit and show errors when fields are invalid",
              "timedOut": null,
              "duration": 3665,
              "state": "passed",
              "speed": "fast",
              "pass": true,
              "fail": false,
              "pending": false,
              "context": null,
              "code": "cy.visit('/sessions');\ncy.contains('.mat-mdc-card-header-text', session.name)\n    .parents('.mat-mdc-card.mdc-card.item')\n    .find('button')\n    .contains('Edit')\n    .click();\ncy.get('input[formControlName=name]').clear();\ncy.get('button[type=submit]').should('be.disabled');\ncy.get('input[formControlName=name]').type(session.name);\ncy.get('input[formControlName=date]').clear();\ncy.get('button[type=submit]').should('be.disabled');\ncy.get('input[formControlName=date]').type(session.date);\ncy.get('textarea[formControlName=description]').clear();\ncy.get('button[type=submit]').should('be.disabled');\ncy.get('textarea[formControlName=description]').type(session.descrition);\ncy.get('button[type=submit]').should('not.be.disabled');",
              "err": {},
              "uuid": "5c7452d3-8df2-4221-b00c-176c8e9c3e98",
              "parentUUID": "9c9dccba-89d6-4fb7-9713-b63543d20349",
              "isHook": false,
              "skipped": false
            },
            {
              "title": "Should commplete and submit when valid then go back and see new session in list",
              "fullTitle": "Session Update page Should commplete and submit when valid then go back and see new session in list",
              "timedOut": null,
              "duration": 3666,
              "state": "passed",
              "speed": "fast",
              "pass": true,
              "fail": false,
              "pending": false,
              "context": null,
              "code": "cy.visit('/sessions');\ncy.contains('.mat-mdc-card-header-text', session.name)\n    .parents('.mat-mdc-card.mdc-card.item')\n    .find('button')\n    .contains('Edit')\n    .click();\ncy.get('input[formControlName=name]').type(session.name + '_update');\ncy.get('input[formControlName=date]').type(session.date);\ncy.get('[formControlName=teacherId]').click();\ncy.get('#mat-option-1').click();\ncy.get('textarea[formControlName=description]').type(session.descrition + '_update');\ncy.get('button[type=submit]').click();\ncy.url().should('include', '/sessions');\ncy.contains(session.name);",
              "err": {},
              "uuid": "90cee1eb-1319-431b-8574-a6f09f1e3076",
              "parentUUID": "9c9dccba-89d6-4fb7-9713-b63543d20349",
              "isHook": false,
              "skipped": false
            },
            {
              "title": "Should access detail new session and delete it then go back",
              "fullTitle": "Session Update page Should access detail new session and delete it then go back",
              "timedOut": null,
              "duration": 1735,
              "state": "passed",
              "speed": "fast",
              "pass": true,
              "fail": false,
              "pending": false,
              "context": null,
              "code": "cy.contains('.mat-mdc-card-header-text', session.name + '_update')\n    .parents('.mat-mdc-card.mdc-card.item')\n    .find('button')\n    .contains('Detail')\n    .click();\ncy.contains('button', 'Delete').click();\ncy.url().should('include', '/sessions');",
              "err": {},
              "uuid": "017f5803-c7fe-4931-bee3-66c703d3c210",
              "parentUUID": "9c9dccba-89d6-4fb7-9713-b63543d20349",
              "isHook": false,
              "skipped": false
            }
          ],
          "suites": [],
          "passes": [
            "5c7452d3-8df2-4221-b00c-176c8e9c3e98",
            "90cee1eb-1319-431b-8574-a6f09f1e3076",
            "017f5803-c7fe-4931-bee3-66c703d3c210"
          ],
          "failures": [],
          "pending": [],
          "skipped": [],
          "duration": 9066,
          "root": false,
          "rootEmpty": false,
          "_timeout": 2000
        }
      ],
      "passes": [],
      "failures": [],
      "pending": [],
      "skipped": [],
      "duration": 0,
      "root": true,
      "rootEmpty": true,
      "_timeout": 2000
    },
    {
      "uuid": "115ca1a6-1452-40d1-b2df-20cef70b1f80",
      "title": "",
      "fullFile": "cypress/e2e/app/pages/sessions/list/sessions.list.cy.ts",
      "file": "cypress/e2e/app/pages/sessions/list/sessions.list.cy.ts",
      "beforeHooks": [],
      "afterHooks": [],
      "tests": [],
      "suites": [
        {
          "uuid": "6e934dbd-edb5-44f5-a7f8-28481631a2c3",
          "title": "Sessions List page",
          "fullFile": "",
          "file": "",
          "beforeHooks": [],
          "afterHooks": [],
          "tests": [
            {
              "title": "Should display sessions information",
              "fullTitle": "Sessions List page Should display sessions information",
              "timedOut": null,
              "duration": 2404,
              "state": "passed",
              "speed": "fast",
              "pass": true,
              "fail": false,
              "pending": false,
              "context": null,
              "code": "cy.contains('Sessions available');\ncy.contains(session.name);",
              "err": {},
              "uuid": "e30004d1-11ee-4be1-ac48-95709afaca39",
              "parentUUID": "6e934dbd-edb5-44f5-a7f8-28481631a2c3",
              "isHook": false,
              "skipped": false
            },
            {
              "title": "Should acces to create session form and go back",
              "fullTitle": "Sessions List page Should acces to create session form and go back",
              "timedOut": null,
              "duration": 2273,
              "state": "passed",
              "speed": "fast",
              "pass": true,
              "fail": false,
              "pending": false,
              "context": null,
              "code": "cy.contains('button', 'Create').click();\ncy.url().should('include', '/sessions/create');\ncy.contains(\"Create session\");\ncy.contains('button', 'arrow_back').click();\ncy.url().should('include', '/sessions');",
              "err": {},
              "uuid": "40e286e1-12a2-47d7-8e38-0684e0e030b6",
              "parentUUID": "6e934dbd-edb5-44f5-a7f8-28481631a2c3",
              "isHook": false,
              "skipped": false
            },
            {
              "title": "Should acces to detail session go back",
              "fullTitle": "Sessions List page Should acces to detail session go back",
              "timedOut": null,
              "duration": 2377,
              "state": "passed",
              "speed": "fast",
              "pass": true,
              "fail": false,
              "pending": false,
              "context": null,
              "code": "cy.contains('button', 'Detail').click();\ncy.url().should('include', '/sessions/detail/' + session.id);\ncy.contains(session.name);\ncy.contains('button', 'arrow_back').click();\ncy.url().should('include', '/sessions');",
              "err": {},
              "uuid": "22bf2501-ceb2-4658-a751-e0f45b1e554d",
              "parentUUID": "6e934dbd-edb5-44f5-a7f8-28481631a2c3",
              "isHook": false,
              "skipped": false
            },
            {
              "title": "Should acces to edit session go back",
              "fullTitle": "Sessions List page Should acces to edit session go back",
              "timedOut": null,
              "duration": 2357,
              "state": "passed",
              "speed": "fast",
              "pass": true,
              "fail": false,
              "pending": false,
              "context": null,
              "code": "cy.contains('button', 'Edit').click();\ncy.url().should('include', '/sessions/update/' + session.id);\ncy.contains('Update session');\ncy.contains('button', 'Save');\ncy.contains('button', 'arrow_back').click();\ncy.url().should('include', '/sessions');",
              "err": {},
              "uuid": "eeefbcc1-b340-49ba-b364-e51b20744782",
              "parentUUID": "6e934dbd-edb5-44f5-a7f8-28481631a2c3",
              "isHook": false,
              "skipped": false
            }
          ],
          "suites": [],
          "passes": [
            "e30004d1-11ee-4be1-ac48-95709afaca39",
            "40e286e1-12a2-47d7-8e38-0684e0e030b6",
            "22bf2501-ceb2-4658-a751-e0f45b1e554d",
            "eeefbcc1-b340-49ba-b364-e51b20744782"
          ],
          "failures": [],
          "pending": [],
          "skipped": [],
          "duration": 9411,
          "root": false,
          "rootEmpty": false,
          "_timeout": 2000
        }
      ],
      "passes": [],
      "failures": [],
      "pending": [],
      "skipped": [],
      "duration": 0,
      "root": true,
      "rootEmpty": true,
      "_timeout": 2000
    }
  ],
  "meta": {
    "mocha": {
      "version": "7.2.0"
    },
    "mochawesome": {
      "options": {
        "quiet": false,
        "reportFilename": "mochawesome",
        "saveHtml": false,
        "saveJson": true,
        "consoleReporter": "spec",
        "useInlineDiffs": false,
        "code": true
      },
      "version": "7.1.4"
    },
    "marge": {
      "options": {
        "reportDir": "cypress/reports",
        "overwrite": false,
        "html": false,
        "json": true
      },
      "version": "6.3.2"
    }
  }
}