{
  "/home/pierre/Dev/Exercices/3/front/src/polyfills.ts": {
    "path": "/home/pierre/Dev/Exercices/3/front/src/polyfills.ts",
    "statementMap": {},
    "fnMap": {},
    "branchMap": {},
    "s": {},
    "f": {},
    "b": {},
    "inputSourceMap": {
      "version": 3,
      "names": [],
      "sources": [
        "/home/pierre/Dev/Exercices/3/front/src/polyfills.ts"
      ],
      "sourcesContent": [
        "/**\n * This file includes polyfills needed by Angular and is loaded before the app.\n * You can add your own extra polyfills to this file.\n *\n * This file is divided into 2 sections:\n *   1. Browser polyfills. These are applied before loading ZoneJS and are sorted by browsers.\n *   2. Application imports. Files imported after ZoneJS that should be loaded before your main\n *      file.\n *\n * The current setup is for so-called \"evergreen\" browsers; the last versions of browsers that\n * automatically update themselves. This includes recent versions of Safari, Chrome (including\n * Opera), Edge on the desktop, and iOS and Chrome on mobile.\n *\n * Learn more in https://angular.io/guide/browser-support\n */\n\n/***************************************************************************************************\n * BROWSER POLYFILLS\n */\n\n/**\n * By default, zone.js will patch all possible macroTask and DomEvents\n * user can disable parts of macroTask/DomEvents patch by setting following flags\n * because those flags need to be set before `zone.js` being loaded, and webpack\n * will put import in the top of bundle, so user need to create a separate file\n * in this directory (for example: zone-flags.ts), and put the following flags\n * into that file, and then add the following code before importing zone.js.\n * import './zone-flags';\n *\n * The flags allowed in zone-flags.ts are listed here.\n *\n * The following flags will work for all browsers.\n *\n * (window as any).__Zone_disable_requestAnimationFrame = true; // disable patch requestAnimationFrame\n * (window as any).__Zone_disable_on_property = true; // disable patch onProperty such as onclick\n * (window as any).__zone_symbol__UNPATCHED_EVENTS = ['scroll', 'mousemove']; // disable patch specified eventNames\n *\n *  in IE/Edge developer tools, the addEventListener will also be wrapped by zone.js\n *  with the following flag, it will bypass `zone.js` patch for IE/Edge\n *\n *  (window as any).__Zone_enable_cross_context_check = true;\n *\n */\n\n/***************************************************************************************************\n * Zone JS is required by default for Angular itself.\n */\nimport 'zone.js';  // Included with Angular CLI.\n\n\n/***************************************************************************************************\n * APPLICATION IMPORTS\n */\n"
      ],
      "mappings": "AAAA;;;;;;;;;;;;;;;AAgBA;;;AAIA;;;;;;;;;;;;;;;;;;;;;;;AAwBA;;;AAGA,OAAO,SAAS,CAAC,CAAE;AAGnB",
      "ignoreList": []
    },
    "_coverageSchema": "1a1c01bbd47fc00a2c39e90264f33305004495a9",
    "hash": "99603bf2923c0e01aa15b7eea65ecd6881426e82"
  },
  "/home/pierre/Dev/Exercices/3/front/src/app/core/service/auth/session.service.ts": {
    "path": "/home/pierre/Dev/Exercices/3/front/src/app/core/service/auth/session.service.ts",
    "statementMap": {
      "0": {
        "start": {
          "line": 3,
          "column": 41
        },
        "end": {
          "line": 39,
          "column": 4
        }
      },
      "1": {
        "start": {
          "line": 6,
          "column": 6
        },
        "end": {
          "line": 6,
          "column": 35
        }
      },
      "2": {
        "start": {
          "line": 7,
          "column": 6
        },
        "end": {
          "line": 7,
          "column": 68
        }
      },
      "3": {
        "start": {
          "line": 8,
          "column": 6
        },
        "end": {
          "line": 8,
          "column": 59
        }
      },
      "4": {
        "start": {
          "line": 11,
          "column": 22
        },
        "end": {
          "line": 11,
          "column": 60
        }
      },
      "5": {
        "start": {
          "line": 12,
          "column": 6
        },
        "end": {
          "line": 12,
          "column": 55
        }
      },
      "6": {
        "start": {
          "line": 15,
          "column": 6
        },
        "end": {
          "line": 15,
          "column": 70
        }
      },
      "7": {
        "start": {
          "line": 16,
          "column": 6
        },
        "end": {
          "line": 16,
          "column": 38
        }
      },
      "8": {
        "start": {
          "line": 19,
          "column": 6
        },
        "end": {
          "line": 19,
          "column": 48
        }
      },
      "9": {
        "start": {
          "line": 20,
          "column": 6
        },
        "end": {
          "line": 20,
          "column": 39
        }
      },
      "10": {
        "start": {
          "line": 23,
          "column": 6
        },
        "end": {
          "line": 23,
          "column": 54
        }
      },
      "11": {
        "start": {
          "line": 26,
          "column": 6
        },
        "end": {
          "line": 28,
          "column": 8
        }
      },
      "12": {
        "start": {
          "line": 27,
          "column": 8
        },
        "end": {
          "line": 27,
          "column": 59
        }
      },
      "13": {
        "start": {
          "line": 31,
          "column": 6
        },
        "end": {
          "line": 35,
          "column": 9
        }
      },
      "14": {
        "start": {
          "line": 38,
          "column": 2
        },
        "end": {
          "line": 38,
          "column": 24
        }
      }
    },
    "fnMap": {
      "0": {
        "name": "(anonymous_0)",
        "decl": {
          "start": {
            "line": 3,
            "column": 42
          },
          "end": {
            "line": 3,
            "column": 43
          }
        },
        "loc": {
          "start": {
            "line": 3,
            "column": 48
          },
          "end": {
            "line": 39,
            "column": 1
          }
        },
        "line": 3
      },
      "1": {
        "name": "(anonymous_1)",
        "decl": {
          "start": {
            "line": 5,
            "column": 4
          },
          "end": {
            "line": 5,
            "column": 5
          }
        },
        "loc": {
          "start": {
            "line": 5,
            "column": 18
          },
          "end": {
            "line": 9,
            "column": 5
          }
        },
        "line": 5
      },
      "2": {
        "name": "(anonymous_2)",
        "decl": {
          "start": {
            "line": 10,
            "column": 4
          },
          "end": {
            "line": 10,
            "column": 5
          }
        },
        "loc": {
          "start": {
            "line": 10,
            "column": 29
          },
          "end": {
            "line": 13,
            "column": 5
          }
        },
        "line": 10
      },
      "3": {
        "name": "(anonymous_3)",
        "decl": {
          "start": {
            "line": 14,
            "column": 4
          },
          "end": {
            "line": 14,
            "column": 5
          }
        },
        "loc": {
          "start": {
            "line": 14,
            "column": 19
          },
          "end": {
            "line": 17,
            "column": 5
          }
        },
        "line": 14
      },
      "4": {
        "name": "(anonymous_4)",
        "decl": {
          "start": {
            "line": 18,
            "column": 4
          },
          "end": {
            "line": 18,
            "column": 5
          }
        },
        "loc": {
          "start": {
            "line": 18,
            "column": 13
          },
          "end": {
            "line": 21,
            "column": 5
          }
        },
        "line": 18
      },
      "5": {
        "name": "(anonymous_5)",
        "decl": {
          "start": {
            "line": 22,
            "column": 4
          },
          "end": {
            "line": 22,
            "column": 5
          }
        },
        "loc": {
          "start": {
            "line": 22,
            "column": 17
          },
          "end": {
            "line": 24,
            "column": 5
          }
        },
        "line": 22
      },
      "6": {
        "name": "SessionService_Factory",
        "decl": {
          "start": {
            "line": 26,
            "column": 27
          },
          "end": {
            "line": 26,
            "column": 49
          }
        },
        "loc": {
          "start": {
            "line": 26,
            "column": 69
          },
          "end": {
            "line": 28,
            "column": 7
          }
        },
        "line": 26
      }
    },
    "branchMap": {
      "0": {
        "loc": {
          "start": {
            "line": 12,
            "column": 13
          },
          "end": {
            "line": 12,
            "column": 54
          }
        },
        "type": "cond-expr",
        "locations": [
          {
            "start": {
              "line": 12,
              "column": 23
            },
            "end": {
              "line": 12,
              "column": 42
            }
          },
          {
            "start": {
              "line": 12,
              "column": 45
            },
            "end": {
              "line": 12,
              "column": 54
            }
          }
        ],
        "line": 12
      },
      "1": {
        "loc": {
          "start": {
            "line": 27,
            "column": 20
          },
          "end": {
            "line": 27,
            "column": 55
          }
        },
        "type": "binary-expr",
        "locations": [
          {
            "start": {
              "line": 27,
              "column": 20
            },
            "end": {
              "line": 27,
              "column": 37
            }
          },
          {
            "start": {
              "line": 27,
              "column": 41
            },
            "end": {
              "line": 27,
              "column": 55
            }
          }
        ],
        "line": 27
      }
    },
    "s": {
      "0": 40,
      "1": 40,
      "2": 40,
      "3": 40,
      "4": 690,
      "5": 690,
      "6": 16,
      "7": 16,
      "8": 1,
      "9": 1,
      "10": 40,
      "11": 40,
      "12": 40,
      "13": 40,
      "14": 40
    },
    "f": {
      "0": 40,
      "1": 40,
      "2": 690,
      "3": 16,
      "4": 1,
      "5": 40,
      "6": 40
    },
    "b": {
      "0": [
        670,
        20
      ],
      "1": [
        40,
        40
      ]
    },
    "inputSourceMap": {
      "version": 3,
      "names": [
        "BehaviorSubject",
        "SessionService",
        "constructor",
        "STORAGE_KEY",
        "isLoggedSubject",
        "hasSession",
        "isLogged$",
        "asObservable",
        "sessionInformation",
        "session",
        "localStorage",
        "getItem",
        "JSON",
        "parse",
        "undefined",
        "logIn",
        "setItem",
        "stringify",
        "next",
        "logOut",
        "removeItem",
        "factory",
        "ɵfac",
        "providedIn"
      ],
      "sources": [
        "/home/pierre/Dev/Exercices/3/front/src/app/core/service/auth/session.service.ts"
      ],
      "sourcesContent": [
        "import { Injectable } from '@angular/core';\nimport { BehaviorSubject } from 'rxjs';\nimport { SessionInformation } from '../../models/auth/sessionInformation.interface';\n\n@Injectable({ providedIn: 'root' })\nexport class SessionService {\n\n  private readonly STORAGE_KEY = 'session';\n\n  private isLoggedSubject = new BehaviorSubject<boolean>(this.hasSession());\n  public readonly isLogged$ = this.isLoggedSubject.asObservable();\n\n  public get sessionInformation(): SessionInformation | undefined {\n    const session = localStorage.getItem(this.STORAGE_KEY);\n    return session ? JSON.parse(session) : undefined;\n  }\n\n  public logIn(session: SessionInformation): void {\n    localStorage.setItem(this.STORAGE_KEY, JSON.stringify(session));\n    this.isLoggedSubject.next(true);\n  }\n\n  public logOut(): void {\n    localStorage.removeItem(this.STORAGE_KEY);\n    this.isLoggedSubject.next(false);\n  }\n\n  private hasSession(): boolean {\n    return !!localStorage.getItem(this.STORAGE_KEY);\n  }\n}\n"
      ],
      "mappings": "AACA,SAASA,eAAe,QAAQ,MAAM;;AAItC,WAAaC,cAAc;EAArB,MAAOA,cAAc;IAD3BC,YAAA;MAGmB,KAAAC,WAAW,GAAG,SAAS;MAEhC,KAAAC,eAAe,GAAG,IAAIJ,eAAe,CAAU,IAAI,CAACK,UAAU,EAAE,CAAC;MACzD,KAAAC,SAAS,GAAG,IAAI,CAACF,eAAe,CAACG,YAAY,EAAE;;IAE/D,IAAWC,kBAAkBA,CAAA;MAC3B,MAAMC,OAAO,GAAGC,YAAY,CAACC,OAAO,CAAC,IAAI,CAACR,WAAW,CAAC;MACtD,OAAOM,OAAO,GAAGG,IAAI,CAACC,KAAK,CAACJ,OAAO,CAAC,GAAGK,SAAS;IAClD;IAEOC,KAAKA,CAACN,OAA2B;MACtCC,YAAY,CAACM,OAAO,CAAC,IAAI,CAACb,WAAW,EAAES,IAAI,CAACK,SAAS,CAACR,OAAO,CAAC,CAAC;MAC/D,IAAI,CAACL,eAAe,CAACc,IAAI,CAAC,IAAI,CAAC;IACjC;IAEOC,MAAMA,CAAA;MACXT,YAAY,CAACU,UAAU,CAAC,IAAI,CAACjB,WAAW,CAAC;MACzC,IAAI,CAACC,eAAe,CAACc,IAAI,CAAC,KAAK,CAAC;IAClC;IAEQb,UAAUA,CAAA;MAChB,OAAO,CAAC,CAACK,YAAY,CAACC,OAAO,CAAC,IAAI,CAACR,WAAW,CAAC;IACjD;;;yCAxBWF,cAAc;MAAA;IAAA;;;eAAdA,cAAc;QAAAoB,OAAA,EAAdpB,cAAc,CAAAqB,IAAA;QAAAC,UAAA,EADD;MAAM;IAAA;;SACnBtB,cAAc;AAAA",
      "ignoreList": []
    },
    "_coverageSchema": "1a1c01bbd47fc00a2c39e90264f33305004495a9",
    "hash": "a0ec1de31198187fa6f57deb9ea910f75f5c26b1"
  },
  "/home/pierre/Dev/Exercices/3/front/src/app/guards/unauth.guard.ts": {
    "path": "/home/pierre/Dev/Exercices/3/front/src/app/guards/unauth.guard.ts",
    "statementMap": {
      "0": {
        "start": {
          "line": 6,
          "column": 38
        },
        "end": {
          "line": 37,
          "column": 4
        }
      },
      "1": {
        "start": {
          "line": 9,
          "column": 6
        },
        "end": {
          "line": 9,
          "column": 27
        }
      },
      "2": {
        "start": {
          "line": 10,
          "column": 6
        },
        "end": {
          "line": 10,
          "column": 43
        }
      },
      "3": {
        "start": {
          "line": 13,
          "column": 18
        },
        "end": {
          "line": 13,
          "column": 22
        }
      },
      "4": {
        "start": {
          "line": 14,
          "column": 6
        },
        "end": {
          "line": 21,
          "column": 11
        }
      },
      "5": {
        "start": {
          "line": 15,
          "column": 23
        },
        "end": {
          "line": 15,
          "column": 75
        }
      },
      "6": {
        "start": {
          "line": 16,
          "column": 8
        },
        "end": {
          "line": 19,
          "column": 9
        }
      },
      "7": {
        "start": {
          "line": 17,
          "column": 10
        },
        "end": {
          "line": 17,
          "column": 39
        }
      },
      "8": {
        "start": {
          "line": 18,
          "column": 10
        },
        "end": {
          "line": 18,
          "column": 23
        }
      },
      "9": {
        "start": {
          "line": 20,
          "column": 8
        },
        "end": {
          "line": 20,
          "column": 20
        }
      },
      "10": {
        "start": {
          "line": 24,
          "column": 6
        },
        "end": {
          "line": 26,
          "column": 8
        }
      },
      "11": {
        "start": {
          "line": 25,
          "column": 8
        },
        "end": {
          "line": 25,
          "column": 110
        }
      },
      "12": {
        "start": {
          "line": 29,
          "column": 6
        },
        "end": {
          "line": 33,
          "column": 9
        }
      },
      "13": {
        "start": {
          "line": 36,
          "column": 2
        },
        "end": {
          "line": 36,
          "column": 21
        }
      }
    },
    "fnMap": {
      "0": {
        "name": "(anonymous_0)",
        "decl": {
          "start": {
            "line": 6,
            "column": 39
          },
          "end": {
            "line": 6,
            "column": 40
          }
        },
        "loc": {
          "start": {
            "line": 6,
            "column": 45
          },
          "end": {
            "line": 37,
            "column": 1
          }
        },
        "line": 6
      },
      "1": {
        "name": "(anonymous_1)",
        "decl": {
          "start": {
            "line": 8,
            "column": 4
          },
          "end": {
            "line": 8,
            "column": 5
          }
        },
        "loc": {
          "start": {
            "line": 8,
            "column": 40
          },
          "end": {
            "line": 11,
            "column": 5
          }
        },
        "line": 8
      },
      "2": {
        "name": "(anonymous_2)",
        "decl": {
          "start": {
            "line": 12,
            "column": 4
          },
          "end": {
            "line": 12,
            "column": 5
          }
        },
        "loc": {
          "start": {
            "line": 12,
            "column": 18
          },
          "end": {
            "line": 22,
            "column": 5
          }
        },
        "line": 12
      },
      "3": {
        "name": "(anonymous_3)",
        "decl": {
          "start": {
            "line": 14,
            "column": 31
          },
          "end": {
            "line": 14,
            "column": 32
          }
        },
        "loc": {
          "start": {
            "line": 14,
            "column": 44
          },
          "end": {
            "line": 21,
            "column": 7
          }
        },
        "line": 14
      },
      "4": {
        "name": "UnauthGuard_Factory",
        "decl": {
          "start": {
            "line": 24,
            "column": 27
          },
          "end": {
            "line": 24,
            "column": 46
          }
        },
        "loc": {
          "start": {
            "line": 24,
            "column": 66
          },
          "end": {
            "line": 26,
            "column": 7
          }
        },
        "line": 24
      }
    },
    "branchMap": {
      "0": {
        "loc": {
          "start": {
            "line": 16,
            "column": 8
          },
          "end": {
            "line": 19,
            "column": 9
          }
        },
        "type": "if",
        "locations": [
          {
            "start": {
              "line": 16,
              "column": 8
            },
            "end": {
              "line": 19,
              "column": 9
            }
          },
          {
            "start": {
              "line": 16,
              "column": 8
            },
            "end": {
              "line": 19,
              "column": 9
            }
          }
        ],
        "line": 16
      },
      "1": {
        "loc": {
          "start": {
            "line": 25,
            "column": 20
          },
          "end": {
            "line": 25,
            "column": 52
          }
        },
        "type": "binary-expr",
        "locations": [
          {
            "start": {
              "line": 25,
              "column": 20
            },
            "end": {
              "line": 25,
              "column": 37
            }
          },
          {
            "start": {
              "line": 25,
              "column": 41
            },
            "end": {
              "line": 25,
              "column": 52
            }
          }
        ],
        "line": 25
      }
    },
    "s": {
      "0": 40,
      "1": 24,
      "2": 24,
      "3": 26,
      "4": 26,
      "5": 26,
      "6": 26,
      "7": 0,
      "8": 0,
      "9": 26,
      "10": 40,
      "11": 24,
      "12": 40,
      "13": 40
    },
    "f": {
      "0": 40,
      "1": 24,
      "2": 26,
      "3": 26,
      "4": 24
    },
    "b": {
      "0": [
        0,
        26
      ],
      "1": [
        24,
        24
      ]
    },
    "inputSourceMap": {
      "version": 3,
      "names": [
        "firstValueFrom",
        "UnauthGuard",
        "constructor",
        "router",
        "sessionService",
        "canActivate",
        "_this",
        "_asyncToGenerator",
        "logged",
        "isLogged$",
        "navigate",
        "i0",
        "ɵɵinject",
        "i1",
        "Router",
        "i2",
        "SessionService",
        "factory",
        "ɵfac",
        "providedIn"
      ],
      "sources": [
        "/home/pierre/Dev/Exercices/3/front/src/app/guards/unauth.guard.ts"
      ],
      "sourcesContent": [
        "import { firstValueFrom } from \"rxjs\";\nimport {Injectable} from \"@angular/core\";\nimport {CanActivate, Router} from \"@angular/router\";\nimport { SessionService } from \"../core/service/auth/session.service\";\n\n@Injectable({ providedIn: 'root' })\nexport class UnauthGuard implements CanActivate {\n\n  constructor(\n    private router: Router,\n    private sessionService: SessionService,\n  ) {\n  }\n\n  public async canActivate(): Promise<boolean> {\n    const logged = await firstValueFrom(this.sessionService.isLogged$);\n\n    if (logged) {\n      this.router.navigate(['/']);\n      return false;\n    }\n\n    return true;\n  }\n}\n"
      ],
      "mappings": ";AAAA,SAASA,cAAc,QAAQ,MAAM;;;;AAMrC,WAAaC,WAAW;EAAlB,MAAOA,WAAW;IAEtBC,YACUC,MAAc,EACdC,cAA8B;MAD9B,KAAAD,MAAM,GAANA,MAAM;MACN,KAAAC,cAAc,GAAdA,cAAc;IAExB;IAEaC,WAAWA,CAAA;MAAA,IAAAC,KAAA;MAAA,OAAAC,iBAAA;QACtB,MAAMC,MAAM,SAASR,cAAc,CAACM,KAAI,CAACF,cAAc,CAACK,SAAS,CAAC;QAElE,IAAID,MAAM,EAAE;UACVF,KAAI,CAACH,MAAM,CAACO,QAAQ,CAAC,CAAC,GAAG,CAAC,CAAC;UAC3B,OAAO,KAAK;QACd;QAEA,OAAO,IAAI;MAAC;IACd;;;yCAjBWT,WAAW,EAAAU,EAAA,CAAAC,QAAA,CAAAC,EAAA,CAAAC,MAAA,GAAAH,EAAA,CAAAC,QAAA,CAAAG,EAAA,CAAAC,cAAA;MAAA;IAAA;;;eAAXf,WAAW;QAAAgB,OAAA,EAAXhB,WAAW,CAAAiB,IAAA;QAAAC,UAAA,EADE;MAAM;IAAA;;SACnBlB,WAAW;AAAA",
      "ignoreList": []
    },
    "_coverageSchema": "1a1c01bbd47fc00a2c39e90264f33305004495a9",
    "hash": "0deebc08561ee59f36a3236be692e7841d83b492"
  },
  "/home/pierre/Dev/Exercices/3/front/src/app/guards/auth.guard.ts": {
    "path": "/home/pierre/Dev/Exercices/3/front/src/app/guards/auth.guard.ts",
    "statementMap": {
      "0": {
        "start": {
          "line": 6,
          "column": 36
        },
        "end": {
          "line": 37,
          "column": 4
        }
      },
      "1": {
        "start": {
          "line": 9,
          "column": 6
        },
        "end": {
          "line": 9,
          "column": 27
        }
      },
      "2": {
        "start": {
          "line": 10,
          "column": 6
        },
        "end": {
          "line": 10,
          "column": 43
        }
      },
      "3": {
        "start": {
          "line": 13,
          "column": 18
        },
        "end": {
          "line": 13,
          "column": 22
        }
      },
      "4": {
        "start": {
          "line": 14,
          "column": 6
        },
        "end": {
          "line": 21,
          "column": 11
        }
      },
      "5": {
        "start": {
          "line": 15,
          "column": 23
        },
        "end": {
          "line": 15,
          "column": 75
        }
      },
      "6": {
        "start": {
          "line": 16,
          "column": 8
        },
        "end": {
          "line": 19,
          "column": 9
        }
      },
      "7": {
        "start": {
          "line": 17,
          "column": 10
        },
        "end": {
          "line": 17,
          "column": 43
        }
      },
      "8": {
        "start": {
          "line": 18,
          "column": 10
        },
        "end": {
          "line": 18,
          "column": 23
        }
      },
      "9": {
        "start": {
          "line": 20,
          "column": 8
        },
        "end": {
          "line": 20,
          "column": 20
        }
      },
      "10": {
        "start": {
          "line": 24,
          "column": 6
        },
        "end": {
          "line": 26,
          "column": 8
        }
      },
      "11": {
        "start": {
          "line": 25,
          "column": 8
        },
        "end": {
          "line": 25,
          "column": 108
        }
      },
      "12": {
        "start": {
          "line": 29,
          "column": 6
        },
        "end": {
          "line": 33,
          "column": 9
        }
      },
      "13": {
        "start": {
          "line": 36,
          "column": 2
        },
        "end": {
          "line": 36,
          "column": 19
        }
      }
    },
    "fnMap": {
      "0": {
        "name": "(anonymous_0)",
        "decl": {
          "start": {
            "line": 6,
            "column": 37
          },
          "end": {
            "line": 6,
            "column": 38
          }
        },
        "loc": {
          "start": {
            "line": 6,
            "column": 43
          },
          "end": {
            "line": 37,
            "column": 1
          }
        },
        "line": 6
      },
      "1": {
        "name": "(anonymous_1)",
        "decl": {
          "start": {
            "line": 8,
            "column": 4
          },
          "end": {
            "line": 8,
            "column": 5
          }
        },
        "loc": {
          "start": {
            "line": 8,
            "column": 40
          },
          "end": {
            "line": 11,
            "column": 5
          }
        },
        "line": 8
      },
      "2": {
        "name": "(anonymous_2)",
        "decl": {
          "start": {
            "line": 12,
            "column": 4
          },
          "end": {
            "line": 12,
            "column": 5
          }
        },
        "loc": {
          "start": {
            "line": 12,
            "column": 18
          },
          "end": {
            "line": 22,
            "column": 5
          }
        },
        "line": 12
      },
      "3": {
        "name": "(anonymous_3)",
        "decl": {
          "start": {
            "line": 14,
            "column": 31
          },
          "end": {
            "line": 14,
            "column": 32
          }
        },
        "loc": {
          "start": {
            "line": 14,
            "column": 44
          },
          "end": {
            "line": 21,
            "column": 7
          }
        },
        "line": 14
      },
      "4": {
        "name": "AuthGuard_Factory",
        "decl": {
          "start": {
            "line": 24,
            "column": 27
          },
          "end": {
            "line": 24,
            "column": 44
          }
        },
        "loc": {
          "start": {
            "line": 24,
            "column": 64
          },
          "end": {
            "line": 26,
            "column": 7
          }
        },
        "line": 24
      }
    },
    "branchMap": {
      "0": {
        "loc": {
          "start": {
            "line": 16,
            "column": 8
          },
          "end": {
            "line": 19,
            "column": 9
          }
        },
        "type": "if",
        "locations": [
          {
            "start": {
              "line": 16,
              "column": 8
            },
            "end": {
              "line": 19,
              "column": 9
            }
          },
          {
            "start": {
              "line": 16,
              "column": 8
            },
            "end": {
              "line": 19,
              "column": 9
            }
          }
        ],
        "line": 16
      },
      "1": {
        "loc": {
          "start": {
            "line": 25,
            "column": 20
          },
          "end": {
            "line": 25,
            "column": 50
          }
        },
        "type": "binary-expr",
        "locations": [
          {
            "start": {
              "line": 25,
              "column": 20
            },
            "end": {
              "line": 25,
              "column": 37
            }
          },
          {
            "start": {
              "line": 25,
              "column": 41
            },
            "end": {
              "line": 25,
              "column": 50
            }
          }
        ],
        "line": 25
      }
    },
    "s": {
      "0": 40,
      "1": 31,
      "2": 31,
      "3": 31,
      "4": 31,
      "5": 31,
      "6": 31,
      "7": 0,
      "8": 0,
      "9": 31,
      "10": 40,
      "11": 31,
      "12": 40,
      "13": 40
    },
    "f": {
      "0": 40,
      "1": 31,
      "2": 31,
      "3": 31,
      "4": 31
    },
    "b": {
      "0": [
        0,
        31
      ],
      "1": [
        31,
        31
      ]
    },
    "inputSourceMap": {
      "version": 3,
      "names": [
        "firstValueFrom",
        "AuthGuard",
        "constructor",
        "router",
        "sessionService",
        "canActivate",
        "_this",
        "_asyncToGenerator",
        "logged",
        "isLogged$",
        "navigate",
        "i0",
        "ɵɵinject",
        "i1",
        "Router",
        "i2",
        "SessionService",
        "factory",
        "ɵfac",
        "providedIn"
      ],
      "sources": [
        "/home/pierre/Dev/Exercices/3/front/src/app/guards/auth.guard.ts"
      ],
      "sourcesContent": [
        "import { firstValueFrom } from \"rxjs\"\nimport {Injectable} from \"@angular/core\";\nimport {CanActivate, Router} from \"@angular/router\";\nimport { SessionService } from \"../core/service/auth/session.service\";\n\n@Injectable({providedIn: 'root'})\nexport class AuthGuard implements CanActivate {\n\n  constructor(\n    private router: Router,\n    private sessionService: SessionService,\n  ) {\n  }\n\n  public async canActivate(): Promise<boolean>  {\n    const logged = await firstValueFrom(this.sessionService.isLogged$);\n\n    if (!logged) {\n      this.router.navigate(['login']);\n      return false;\n    }\n\n    return true;\n  }\n}\n"
      ],
      "mappings": ";AAAA,SAASA,cAAc,QAAQ,MAAM;;;;AAMrC,WAAaC,SAAS;EAAhB,MAAOA,SAAS;IAEpBC,YACUC,MAAc,EACdC,cAA8B;MAD9B,KAAAD,MAAM,GAANA,MAAM;MACN,KAAAC,cAAc,GAAdA,cAAc;IAExB;IAEaC,WAAWA,CAAA;MAAA,IAAAC,KAAA;MAAA,OAAAC,iBAAA;QACtB,MAAMC,MAAM,SAASR,cAAc,CAACM,KAAI,CAACF,cAAc,CAACK,SAAS,CAAC;QAElE,IAAI,CAACD,MAAM,EAAE;UACXF,KAAI,CAACH,MAAM,CAACO,QAAQ,CAAC,CAAC,OAAO,CAAC,CAAC;UAC/B,OAAO,KAAK;QACd;QAEA,OAAO,IAAI;MAAC;IACd;;;yCAjBWT,SAAS,EAAAU,EAAA,CAAAC,QAAA,CAAAC,EAAA,CAAAC,MAAA,GAAAH,EAAA,CAAAC,QAAA,CAAAG,EAAA,CAAAC,cAAA;MAAA;IAAA;;;eAATf,SAAS;QAAAgB,OAAA,EAAThB,SAAS,CAAAiB,IAAA;QAAAC,UAAA,EADG;MAAM;IAAA;;SAClBlB,SAAS;AAAA",
      "ignoreList": []
    },
    "_coverageSchema": "1a1c01bbd47fc00a2c39e90264f33305004495a9",
    "hash": "cf448d6cc7809280f53ac7376f2d3f0ca99f948a"
  },
  "/home/pierre/Dev/Exercices/3/front/src/environments/environment.ts": {
    "path": "/home/pierre/Dev/Exercices/3/front/src/environments/environment.ts",
    "statementMap": {
      "0": {
        "start": {
          "line": 1,
          "column": 27
        },
        "end": {
          "line": 4,
          "column": 1
        }
      }
    },
    "fnMap": {},
    "branchMap": {},
    "s": {
      "0": 40
    },
    "f": {},
    "b": {},
    "inputSourceMap": {
      "version": 3,
      "names": [
        "environment",
        "baseUrl",
        "production"
      ],
      "sources": [
        "/home/pierre/Dev/Exercices/3/front/src/environments/environment.ts"
      ],
      "sourcesContent": [
        "export const environment = {\n  baseUrl: 'http://localhost:8080/api',\n  production: false\n};\n"
      ],
      "mappings": "AAAA,OAAO,MAAMA,WAAW,GAAG;EACzBC,OAAO,EAAE,2BAA2B;EACpCC,UAAU,EAAE;CACb",
      "ignoreList": []
    },
    "_coverageSchema": "1a1c01bbd47fc00a2c39e90264f33305004495a9",
    "hash": "ae1aa18a7211da38c6f8512be978689f428782d9"
  },
  "/home/pierre/Dev/Exercices/3/front/src/app/core/service/user/user.service.ts": {
    "path": "/home/pierre/Dev/Exercices/3/front/src/app/core/service/user/user.service.ts",
    "statementMap": {
      "0": {
        "start": {
          "line": 4,
          "column": 38
        },
        "end": {
          "line": 30,
          "column": 4
        }
      },
      "1": {
        "start": {
          "line": 7,
          "column": 6
        },
        "end": {
          "line": 7,
          "column": 35
        }
      },
      "2": {
        "start": {
          "line": 8,
          "column": 6
        },
        "end": {
          "line": 8,
          "column": 55
        }
      },
      "3": {
        "start": {
          "line": 11,
          "column": 6
        },
        "end": {
          "line": 11,
          "column": 62
        }
      },
      "4": {
        "start": {
          "line": 14,
          "column": 6
        },
        "end": {
          "line": 14,
          "column": 65
        }
      },
      "5": {
        "start": {
          "line": 17,
          "column": 6
        },
        "end": {
          "line": 19,
          "column": 8
        }
      },
      "6": {
        "start": {
          "line": 18,
          "column": 8
        },
        "end": {
          "line": 18,
          "column": 82
        }
      },
      "7": {
        "start": {
          "line": 22,
          "column": 6
        },
        "end": {
          "line": 26,
          "column": 9
        }
      },
      "8": {
        "start": {
          "line": 29,
          "column": 2
        },
        "end": {
          "line": 29,
          "column": 21
        }
      }
    },
    "fnMap": {
      "0": {
        "name": "(anonymous_0)",
        "decl": {
          "start": {
            "line": 4,
            "column": 39
          },
          "end": {
            "line": 4,
            "column": 40
          }
        },
        "loc": {
          "start": {
            "line": 4,
            "column": 45
          },
          "end": {
            "line": 30,
            "column": 1
          }
        },
        "line": 4
      },
      "1": {
        "name": "(anonymous_1)",
        "decl": {
          "start": {
            "line": 6,
            "column": 4
          },
          "end": {
            "line": 6,
            "column": 5
          }
        },
        "loc": {
          "start": {
            "line": 6,
            "column": 28
          },
          "end": {
            "line": 9,
            "column": 5
          }
        },
        "line": 6
      },
      "2": {
        "name": "(anonymous_2)",
        "decl": {
          "start": {
            "line": 10,
            "column": 4
          },
          "end": {
            "line": 10,
            "column": 5
          }
        },
        "loc": {
          "start": {
            "line": 10,
            "column": 16
          },
          "end": {
            "line": 12,
            "column": 5
          }
        },
        "line": 10
      },
      "3": {
        "name": "(anonymous_3)",
        "decl": {
          "start": {
            "line": 13,
            "column": 4
          },
          "end": {
            "line": 13,
            "column": 5
          }
        },
        "loc": {
          "start": {
            "line": 13,
            "column": 15
          },
          "end": {
            "line": 15,
            "column": 5
          }
        },
        "line": 13
      },
      "4": {
        "name": "UserService_Factory",
        "decl": {
          "start": {
            "line": 17,
            "column": 27
          },
          "end": {
            "line": 17,
            "column": 46
          }
        },
        "loc": {
          "start": {
            "line": 17,
            "column": 66
          },
          "end": {
            "line": 19,
            "column": 7
          }
        },
        "line": 17
      }
    },
    "branchMap": {
      "0": {
        "loc": {
          "start": {
            "line": 18,
            "column": 20
          },
          "end": {
            "line": 18,
            "column": 52
          }
        },
        "type": "binary-expr",
        "locations": [
          {
            "start": {
              "line": 18,
              "column": 20
            },
            "end": {
              "line": 18,
              "column": 37
            }
          },
          {
            "start": {
              "line": 18,
              "column": 41
            },
            "end": {
              "line": 18,
              "column": 52
            }
          }
        ],
        "line": 18
      }
    },
    "s": {
      "0": 40,
      "1": 2,
      "2": 2,
      "3": 2,
      "4": 0,
      "5": 40,
      "6": 2,
      "7": 40,
      "8": 40
    },
    "f": {
      "0": 40,
      "1": 2,
      "2": 2,
      "3": 0,
      "4": 2
    },
    "b": {
      "0": [
        2,
        2
      ]
    },
    "inputSourceMap": {
      "version": 3,
      "names": [
        "environment",
        "UserService",
        "constructor",
        "httpClient",
        "pathService",
        "baseUrl",
        "getById",
        "id",
        "get",
        "delete",
        "i0",
        "ɵɵinject",
        "i1",
        "HttpClient",
        "factory",
        "ɵfac",
        "providedIn"
      ],
      "sources": [
        "/home/pierre/Dev/Exercices/3/front/src/app/core/service/user/user.service.ts"
      ],
      "sourcesContent": [
        "import { HttpClient } from '@angular/common/http';\nimport { Injectable } from '@angular/core';\nimport { Observable } from 'rxjs';\nimport { User } from '../../models/user/user.interface';\nimport { environment } from 'src/environments/environment';\n\n@Injectable({\n  providedIn: 'root'\n})\nexport class UserService {\n\n  private pathService =  `${environment.baseUrl}/user`;\n\n  constructor(private httpClient: HttpClient) { }\n\n  public getById(id: string): Observable<User> {\n    return this.httpClient.get<User>(`${this.pathService}/${id}`);\n  }\n\n  public delete(id: string): Observable<any> {\n    return this.httpClient.delete(`${this.pathService}/${id}`);\n  }\n}\n"
      ],
      "mappings": "AAIA,SAASA,WAAW,QAAQ,8BAA8B;;;AAK1D,WAAaC,WAAW;EAAlB,MAAOA,WAAW;IAItBC,YAAoBC,UAAsB;MAAtB,KAAAA,UAAU,GAAVA,UAAU;MAFtB,KAAAC,WAAW,GAAI,GAAGJ,WAAW,CAACK,OAAO,OAAO;IAEN;IAEvCC,OAAOA,CAACC,EAAU;MACvB,OAAO,IAAI,CAACJ,UAAU,CAACK,GAAG,CAAO,GAAG,IAAI,CAACJ,WAAW,IAAIG,EAAE,EAAE,CAAC;IAC/D;IAEOE,MAAMA,CAACF,EAAU;MACtB,OAAO,IAAI,CAACJ,UAAU,CAACM,MAAM,CAAC,GAAG,IAAI,CAACL,WAAW,IAAIG,EAAE,EAAE,CAAC;IAC5D;;;yCAZWN,WAAW,EAAAS,EAAA,CAAAC,QAAA,CAAAC,EAAA,CAAAC,UAAA;MAAA;IAAA;;;eAAXZ,WAAW;QAAAa,OAAA,EAAXb,WAAW,CAAAc,IAAA;QAAAC,UAAA,EAFV;MAAM;IAAA;;SAEPf,WAAW;AAAA",
      "ignoreList": []
    },
    "_coverageSchema": "1a1c01bbd47fc00a2c39e90264f33305004495a9",
    "hash": "437e196bb0620d9465a5fbefaf58a1496750247f"
  },
  "/home/pierre/Dev/Exercices/3/front/src/app/shared/material.module.ts": {
    "path": "/home/pierre/Dev/Exercices/3/front/src/app/shared/material.module.ts",
    "statementMap": {
      "0": {
        "start": {
          "line": 30,
          "column": 24
        },
        "end": {
          "line": 30,
          "column": 517
        }
      },
      "1": {
        "start": {
          "line": 31,
          "column": 41
        },
        "end": {
          "line": 50,
          "column": 4
        }
      },
      "2": {
        "start": {
          "line": 34,
          "column": 6
        },
        "end": {
          "line": 36,
          "column": 8
        }
      },
      "3": {
        "start": {
          "line": 35,
          "column": 8
        },
        "end": {
          "line": 35,
          "column": 59
        }
      },
      "4": {
        "start": {
          "line": 39,
          "column": 6
        },
        "end": {
          "line": 41,
          "column": 9
        }
      },
      "5": {
        "start": {
          "line": 44,
          "column": 6
        },
        "end": {
          "line": 46,
          "column": 9
        }
      },
      "6": {
        "start": {
          "line": 49,
          "column": 2
        },
        "end": {
          "line": 49,
          "column": 24
        }
      }
    },
    "fnMap": {
      "0": {
        "name": "(anonymous_0)",
        "decl": {
          "start": {
            "line": 31,
            "column": 42
          },
          "end": {
            "line": 31,
            "column": 43
          }
        },
        "loc": {
          "start": {
            "line": 31,
            "column": 48
          },
          "end": {
            "line": 50,
            "column": 1
          }
        },
        "line": 31
      },
      "1": {
        "name": "MaterialModule_Factory",
        "decl": {
          "start": {
            "line": 34,
            "column": 27
          },
          "end": {
            "line": 34,
            "column": 49
          }
        },
        "loc": {
          "start": {
            "line": 34,
            "column": 69
          },
          "end": {
            "line": 36,
            "column": 7
          }
        },
        "line": 34
      }
    },
    "branchMap": {
      "0": {
        "loc": {
          "start": {
            "line": 35,
            "column": 20
          },
          "end": {
            "line": 35,
            "column": 55
          }
        },
        "type": "binary-expr",
        "locations": [
          {
            "start": {
              "line": 35,
              "column": 20
            },
            "end": {
              "line": 35,
              "column": 37
            }
          },
          {
            "start": {
              "line": 35,
              "column": 41
            },
            "end": {
              "line": 35,
              "column": 55
            }
          }
        ],
        "line": 35
      }
    },
    "s": {
      "0": 40,
      "1": 40,
      "2": 40,
      "3": 103,
      "4": 40,
      "5": 40,
      "6": 40
    },
    "f": {
      "0": 40,
      "1": 103
    },
    "b": {
      "0": [
        103,
        103
      ]
    },
    "inputSourceMap": {
      "version": 3,
      "names": [
        "OverlayModule",
        "CdkTreeModule",
        "PortalModule",
        "MatAutocompleteModule",
        "MatButtonModule",
        "MatButtonToggleModule",
        "MatCardModule",
        "MatCheckboxModule",
        "MatChipsModule",
        "MatRippleModule",
        "MatDividerModule",
        "MatExpansionModule",
        "MatFormFieldModule",
        "MatIconModule",
        "MatInputModule",
        "MatListModule",
        "MatMenuModule",
        "MatPaginatorModule",
        "MatProgressSpinnerModule",
        "MatSelectModule",
        "MatSidenavModule",
        "MatSnackBarModule",
        "MatSortModule",
        "MatTableModule",
        "MatTabsModule",
        "MatToolbarModule",
        "MatTreeModule",
        "ReactiveFormsModule",
        "materialModules",
        "MaterialModule"
      ],
      "sources": [
        "/home/pierre/Dev/Exercices/3/front/src/app/shared/material.module.ts"
      ],
      "sourcesContent": [
        "import { NgModule } from '@angular/core';\nimport { OverlayModule } from '@angular/cdk/overlay';\nimport { CdkTreeModule } from '@angular/cdk/tree';\nimport { PortalModule } from '@angular/cdk/portal';\nimport { MatAutocompleteModule } from '@angular/material/autocomplete';\nimport { MatButtonModule } from '@angular/material/button';\nimport { MatButtonToggleModule } from '@angular/material/button-toggle';\nimport { MatCardModule } from '@angular/material/card';\nimport { MatCheckboxModule } from '@angular/material/checkbox';\nimport { MatChipsModule } from '@angular/material/chips';\nimport { MatRippleModule } from '@angular/material/core';\nimport { MatDividerModule } from '@angular/material/divider';\nimport { MatExpansionModule } from '@angular/material/expansion';\nimport { MatFormFieldModule } from '@angular/material/form-field';\nimport { MatIconModule } from '@angular/material/icon';\nimport { MatInputModule } from '@angular/material/input';\nimport { MatListModule } from '@angular/material/list';\nimport { MatMenuModule } from '@angular/material/menu';\nimport { MatPaginatorModule } from '@angular/material/paginator';\nimport { MatProgressSpinnerModule } from '@angular/material/progress-spinner';\nimport { MatSelectModule } from '@angular/material/select';\nimport { MatSidenavModule } from '@angular/material/sidenav';\nimport { MatSnackBarModule } from '@angular/material/snack-bar';\nimport { MatSortModule } from '@angular/material/sort';\nimport { MatTableModule } from '@angular/material/table';\nimport { MatTabsModule } from '@angular/material/tabs';\nimport { MatToolbarModule } from '@angular/material/toolbar';\nimport { MatTreeModule } from '@angular/material/tree';\nimport { ReactiveFormsModule } from '@angular/forms';\n\n\nconst materialModules = [\n  ReactiveFormsModule,\n  CdkTreeModule,\n  MatAutocompleteModule,\n  MatButtonModule,\n  MatCardModule,\n  MatCheckboxModule,\n  MatChipsModule,\n  MatDividerModule,\n  MatExpansionModule,\n  MatIconModule,\n  MatInputModule,\n  MatListModule,\n  MatMenuModule,\n  MatProgressSpinnerModule,\n  MatPaginatorModule,\n  MatRippleModule,\n  MatSelectModule,\n  MatSidenavModule,\n  MatSnackBarModule,\n  MatSortModule,\n  MatTableModule,\n  MatTabsModule,\n  MatToolbarModule,\n  MatFormFieldModule,\n  MatButtonToggleModule,\n  MatTreeModule,\n  OverlayModule,\n  PortalModule\n];\n\n@NgModule({\n  imports: [\n    ...materialModules\n  ],\n  exports: [\n    ...materialModules\n  ],\n})\nexport class MaterialModule { }\n"
      ],
      "mappings": "AACA,SAASA,aAAa,QAAQ,sBAAsB;AACpD,SAASC,aAAa,QAAQ,mBAAmB;AACjD,SAASC,YAAY,QAAQ,qBAAqB;AAClD,SAASC,qBAAqB,QAAQ,gCAAgC;AACtE,SAASC,eAAe,QAAQ,0BAA0B;AAC1D,SAASC,qBAAqB,QAAQ,iCAAiC;AACvE,SAASC,aAAa,QAAQ,wBAAwB;AACtD,SAASC,iBAAiB,QAAQ,4BAA4B;AAC9D,SAASC,cAAc,QAAQ,yBAAyB;AACxD,SAASC,eAAe,QAAQ,wBAAwB;AACxD,SAASC,gBAAgB,QAAQ,2BAA2B;AAC5D,SAASC,kBAAkB,QAAQ,6BAA6B;AAChE,SAASC,kBAAkB,QAAQ,8BAA8B;AACjE,SAASC,aAAa,QAAQ,wBAAwB;AACtD,SAASC,cAAc,QAAQ,yBAAyB;AACxD,SAASC,aAAa,QAAQ,wBAAwB;AACtD,SAASC,aAAa,QAAQ,wBAAwB;AACtD,SAASC,kBAAkB,QAAQ,6BAA6B;AAChE,SAASC,wBAAwB,QAAQ,oCAAoC;AAC7E,SAASC,eAAe,QAAQ,0BAA0B;AAC1D,SAASC,gBAAgB,QAAQ,2BAA2B;AAC5D,SAASC,iBAAiB,QAAQ,6BAA6B;AAC/D,SAASC,aAAa,QAAQ,wBAAwB;AACtD,SAASC,cAAc,QAAQ,yBAAyB;AACxD,SAASC,aAAa,QAAQ,wBAAwB;AACtD,SAASC,gBAAgB,QAAQ,2BAA2B;AAC5D,SAASC,aAAa,QAAQ,wBAAwB;AACtD,SAASC,mBAAmB,QAAQ,gBAAgB;;AAGpD,MAAMC,eAAe,GAAG,CACtBD,mBAAmB,EACnB1B,aAAa,EACbE,qBAAqB,EACrBC,eAAe,EACfE,aAAa,EACbC,iBAAiB,EACjBC,cAAc,EACdE,gBAAgB,EAChBC,kBAAkB,EAClBE,aAAa,EACbC,cAAc,EACdC,aAAa,EACbC,aAAa,EACbE,wBAAwB,EACxBD,kBAAkB,EAClBR,eAAe,EACfU,eAAe,EACfC,gBAAgB,EAChBC,iBAAiB,EACjBC,aAAa,EACbC,cAAc,EACdC,aAAa,EACbC,gBAAgB,EAChBb,kBAAkB,EAClBP,qBAAqB,EACrBqB,aAAa,EACb1B,aAAa,EACbE,YAAY,CACb;AAUD,WAAa2B,cAAc;EAArB,MAAOA,cAAc;;;yCAAdA,cAAc;MAAA;IAAA;;;cAAdA;MAAc;IAAA;;;kBANpBD,eAAe,EAhCpBD,mBAAmB,EACnB1B,aAAa,EACbE,qBAAqB,EACrBC,eAAe,EACfE,aAAa,EACbC,iBAAiB,EACjBC,cAAc,EACdE,gBAAgB,EAChBC,kBAAkB,EAClBE,aAAa,EACbC,cAAc,EACdC,aAAa,EACbC,aAAa,EACbE,wBAAwB,EACxBD,kBAAkB,EAClBR,eAAe,EACfU,eAAe,EACfC,gBAAgB,EAChBC,iBAAiB,EACjBC,aAAa,EACbC,cAAc,EACdC,aAAa,EACbC,gBAAgB,EAChBb,kBAAkB,EAClBP,qBAAqB,EACrBqB,aAAa,EACb1B,aAAa,EACbE,YAAY;MAAA;IAAA;;SAWD2B,cAAc;AAAA",
      "ignoreList": []
    },
    "_coverageSchema": "1a1c01bbd47fc00a2c39e90264f33305004495a9",
    "hash": "5bd12a2308ca6841d53598756310a98626bce842"
  },
  "/home/pierre/Dev/Exercices/3/front/src/app/pages/me/me.component.ts": {
    "path": "/home/pierre/Dev/Exercices/3/front/src/app/pages/me/me.component.ts",
    "statementMap": {
      "0": {
        "start": {
          "line": 16,
          "column": 2
        },
        "end": {
          "line": 20,
          "column": 3
        }
      },
      "1": {
        "start": {
          "line": 17,
          "column": 4
        },
        "end": {
          "line": 17,
          "column": 33
        }
      },
      "2": {
        "start": {
          "line": 18,
          "column": 4
        },
        "end": {
          "line": 18,
          "column": 34
        }
      },
      "3": {
        "start": {
          "line": 19,
          "column": 4
        },
        "end": {
          "line": 19,
          "column": 22
        }
      },
      "4": {
        "start": {
          "line": 23,
          "column": 2
        },
        "end": {
          "line": 40,
          "column": 3
        }
      },
      "5": {
        "start": {
          "line": 24,
          "column": 16
        },
        "end": {
          "line": 24,
          "column": 37
        }
      },
      "6": {
        "start": {
          "line": 25,
          "column": 4
        },
        "end": {
          "line": 25,
          "column": 43
        }
      },
      "7": {
        "start": {
          "line": 26,
          "column": 4
        },
        "end": {
          "line": 26,
          "column": 39
        }
      },
      "8": {
        "start": {
          "line": 27,
          "column": 4
        },
        "end": {
          "line": 27,
          "column": 22
        }
      },
      "9": {
        "start": {
          "line": 28,
          "column": 4
        },
        "end": {
          "line": 28,
          "column": 38
        }
      },
      "10": {
        "start": {
          "line": 29,
          "column": 4
        },
        "end": {
          "line": 33,
          "column": 7
        }
      },
      "11": {
        "start": {
          "line": 30,
          "column": 6
        },
        "end": {
          "line": 30,
          "column": 28
        }
      },
      "12": {
        "start": {
          "line": 31,
          "column": 21
        },
        "end": {
          "line": 31,
          "column": 40
        }
      },
      "13": {
        "start": {
          "line": 32,
          "column": 6
        },
        "end": {
          "line": 32,
          "column": 45
        }
      },
      "14": {
        "start": {
          "line": 34,
          "column": 4
        },
        "end": {
          "line": 34,
          "column": 37
        }
      },
      "15": {
        "start": {
          "line": 35,
          "column": 4
        },
        "end": {
          "line": 35,
          "column": 27
        }
      },
      "16": {
        "start": {
          "line": 36,
          "column": 4
        },
        "end": {
          "line": 36,
          "column": 22
        }
      },
      "17": {
        "start": {
          "line": 37,
          "column": 4
        },
        "end": {
          "line": 37,
          "column": 36
        }
      },
      "18": {
        "start": {
          "line": 38,
          "column": 4
        },
        "end": {
          "line": 38,
          "column": 27
        }
      },
      "19": {
        "start": {
          "line": 39,
          "column": 4
        },
        "end": {
          "line": 39,
          "column": 26
        }
      },
      "20": {
        "start": {
          "line": 43,
          "column": 2
        },
        "end": {
          "line": 64,
          "column": 3
        }
      },
      "21": {
        "start": {
          "line": 44,
          "column": 4
        },
        "end": {
          "line": 44,
          "column": 43
        }
      },
      "22": {
        "start": {
          "line": 45,
          "column": 4
        },
        "end": {
          "line": 45,
          "column": 17
        }
      },
      "23": {
        "start": {
          "line": 46,
          "column": 4
        },
        "end": {
          "line": 46,
          "column": 30
        }
      },
      "24": {
        "start": {
          "line": 47,
          "column": 4
        },
        "end": {
          "line": 47,
          "column": 22
        }
      },
      "25": {
        "start": {
          "line": 48,
          "column": 4
        },
        "end": {
          "line": 48,
          "column": 30
        }
      },
      "26": {
        "start": {
          "line": 49,
          "column": 4
        },
        "end": {
          "line": 49,
          "column": 17
        }
      },
      "27": {
        "start": {
          "line": 50,
          "column": 4
        },
        "end": {
          "line": 50,
          "column": 22
        }
      },
      "28": {
        "start": {
          "line": 51,
          "column": 4
        },
        "end": {
          "line": 51,
          "column": 156
        }
      },
      "29": {
        "start": {
          "line": 52,
          "column": 4
        },
        "end": {
          "line": 52,
          "column": 52
        }
      },
      "30": {
        "start": {
          "line": 53,
          "column": 4
        },
        "end": {
          "line": 53,
          "column": 33
        }
      },
      "31": {
        "start": {
          "line": 54,
          "column": 4
        },
        "end": {
          "line": 54,
          "column": 22
        }
      },
      "32": {
        "start": {
          "line": 55,
          "column": 4
        },
        "end": {
          "line": 55,
          "column": 18
        }
      },
      "33": {
        "start": {
          "line": 56,
          "column": 4
        },
        "end": {
          "line": 56,
          "column": 26
        }
      },
      "34": {
        "start": {
          "line": 57,
          "column": 4
        },
        "end": {
          "line": 57,
          "column": 22
        }
      },
      "35": {
        "start": {
          "line": 58,
          "column": 4
        },
        "end": {
          "line": 58,
          "column": 40
        }
      },
      "36": {
        "start": {
          "line": 59,
          "column": 4
        },
        "end": {
          "line": 59,
          "column": 35
        }
      },
      "37": {
        "start": {
          "line": 60,
          "column": 4
        },
        "end": {
          "line": 60,
          "column": 22
        }
      },
      "38": {
        "start": {
          "line": 61,
          "column": 4
        },
        "end": {
          "line": 61,
          "column": 18
        }
      },
      "39": {
        "start": {
          "line": 62,
          "column": 4
        },
        "end": {
          "line": 62,
          "column": 26
        }
      },
      "40": {
        "start": {
          "line": 63,
          "column": 4
        },
        "end": {
          "line": 63,
          "column": 26
        }
      },
      "41": {
        "start": {
          "line": 65,
          "column": 2
        },
        "end": {
          "line": 77,
          "column": 3
        }
      },
      "42": {
        "start": {
          "line": 66,
          "column": 20
        },
        "end": {
          "line": 66,
          "column": 23
        }
      },
      "43": {
        "start": {
          "line": 67,
          "column": 4
        },
        "end": {
          "line": 67,
          "column": 20
        }
      },
      "44": {
        "start": {
          "line": 68,
          "column": 4
        },
        "end": {
          "line": 68,
          "column": 104
        }
      },
      "45": {
        "start": {
          "line": 69,
          "column": 4
        },
        "end": {
          "line": 69,
          "column": 20
        }
      },
      "46": {
        "start": {
          "line": 70,
          "column": 4
        },
        "end": {
          "line": 70,
          "column": 56
        }
      },
      "47": {
        "start": {
          "line": 71,
          "column": 4
        },
        "end": {
          "line": 71,
          "column": 19
        }
      },
      "48": {
        "start": {
          "line": 72,
          "column": 4
        },
        "end": {
          "line": 72,
          "column": 44
        }
      },
      "49": {
        "start": {
          "line": 73,
          "column": 4
        },
        "end": {
          "line": 73,
          "column": 20
        }
      },
      "50": {
        "start": {
          "line": 74,
          "column": 4
        },
        "end": {
          "line": 74,
          "column": 89
        }
      },
      "51": {
        "start": {
          "line": 75,
          "column": 4
        },
        "end": {
          "line": 75,
          "column": 20
        }
      },
      "52": {
        "start": {
          "line": 76,
          "column": 4
        },
        "end": {
          "line": 76,
          "column": 90
        }
      },
      "53": {
        "start": {
          "line": 79,
          "column": 38
        },
        "end": {
          "line": 145,
          "column": 4
        }
      },
      "54": {
        "start": {
          "line": 82,
          "column": 6
        },
        "end": {
          "line": 82,
          "column": 35
        }
      },
      "55": {
        "start": {
          "line": 83,
          "column": 6
        },
        "end": {
          "line": 83,
          "column": 51
        }
      },
      "56": {
        "start": {
          "line": 84,
          "column": 6
        },
        "end": {
          "line": 84,
          "column": 45
        }
      },
      "57": {
        "start": {
          "line": 85,
          "column": 6
        },
        "end": {
          "line": 85,
          "column": 45
        }
      },
      "58": {
        "start": {
          "line": 88,
          "column": 6
        },
        "end": {
          "line": 88,
          "column": 98
        }
      },
      "59": {
        "start": {
          "line": 91,
          "column": 6
        },
        "end": {
          "line": 91,
          "column": 28
        }
      },
      "60": {
        "start": {
          "line": 94,
          "column": 18
        },
        "end": {
          "line": 94,
          "column": 22
        }
      },
      "61": {
        "start": {
          "line": 95,
          "column": 6
        },
        "end": {
          "line": 102,
          "column": 11
        }
      },
      "62": {
        "start": {
          "line": 96,
          "column": 8
        },
        "end": {
          "line": 96,
          "column": 110
        }
      },
      "63": {
        "start": {
          "line": 97,
          "column": 8
        },
        "end": {
          "line": 99,
          "column": 11
        }
      },
      "64": {
        "start": {
          "line": 100,
          "column": 8
        },
        "end": {
          "line": 100,
          "column": 38
        }
      },
      "65": {
        "start": {
          "line": 101,
          "column": 8
        },
        "end": {
          "line": 101,
          "column": 42
        }
      },
      "66": {
        "start": {
          "line": 105,
          "column": 6
        },
        "end": {
          "line": 107,
          "column": 8
        }
      },
      "67": {
        "start": {
          "line": 106,
          "column": 8
        },
        "end": {
          "line": 106,
          "column": 56
        }
      },
      "68": {
        "start": {
          "line": 110,
          "column": 6
        },
        "end": {
          "line": 141,
          "column": 9
        }
      },
      "69": {
        "start": {
          "line": 117,
          "column": 10
        },
        "end": {
          "line": 132,
          "column": 11
        }
      },
      "70": {
        "start": {
          "line": 118,
          "column": 12
        },
        "end": {
          "line": 118,
          "column": 108
        }
      },
      "71": {
        "start": {
          "line": 119,
          "column": 12
        },
        "end": {
          "line": 121,
          "column": 15
        }
      },
      "72": {
        "start": {
          "line": 120,
          "column": 14
        },
        "end": {
          "line": 120,
          "column": 32
        }
      },
      "73": {
        "start": {
          "line": 122,
          "column": 12
        },
        "end": {
          "line": 122,
          "column": 45
        }
      },
      "74": {
        "start": {
          "line": 123,
          "column": 12
        },
        "end": {
          "line": 123,
          "column": 39
        }
      },
      "75": {
        "start": {
          "line": 124,
          "column": 12
        },
        "end": {
          "line": 124,
          "column": 32
        }
      },
      "76": {
        "start": {
          "line": 125,
          "column": 12
        },
        "end": {
          "line": 125,
          "column": 39
        }
      },
      "77": {
        "start": {
          "line": 126,
          "column": 12
        },
        "end": {
          "line": 126,
          "column": 45
        }
      },
      "78": {
        "start": {
          "line": 127,
          "column": 12
        },
        "end": {
          "line": 127,
          "column": 34
        }
      },
      "79": {
        "start": {
          "line": 128,
          "column": 12
        },
        "end": {
          "line": 128,
          "column": 53
        }
      },
      "80": {
        "start": {
          "line": 129,
          "column": 12
        },
        "end": {
          "line": 129,
          "column": 85
        }
      },
      "81": {
        "start": {
          "line": 130,
          "column": 12
        },
        "end": {
          "line": 130,
          "column": 35
        }
      },
      "82": {
        "start": {
          "line": 131,
          "column": 12
        },
        "end": {
          "line": 131,
          "column": 34
        }
      },
      "83": {
        "start": {
          "line": 133,
          "column": 10
        },
        "end": {
          "line": 137,
          "column": 11
        }
      },
      "84": {
        "start": {
          "line": 135,
          "column": 12
        },
        "end": {
          "line": 135,
          "column": 29
        }
      },
      "85": {
        "start": {
          "line": 136,
          "column": 12
        },
        "end": {
          "line": 136,
          "column": 94
        }
      },
      "86": {
        "start": {
          "line": 144,
          "column": 2
        },
        "end": {
          "line": 144,
          "column": 21
        }
      }
    },
    "fnMap": {
      "0": {
        "name": "MeComponent_Conditional_10_Conditional_6_Template",
        "decl": {
          "start": {
            "line": 15,
            "column": 9
          },
          "end": {
            "line": 15,
            "column": 58
          }
        },
        "loc": {
          "start": {
            "line": 15,
            "column": 68
          },
          "end": {
            "line": 21,
            "column": 1
          }
        },
        "line": 15
      },
      "1": {
        "name": "MeComponent_Conditional_10_Conditional_7_Template",
        "decl": {
          "start": {
            "line": 22,
            "column": 9
          },
          "end": {
            "line": 22,
            "column": 58
          }
        },
        "loc": {
          "start": {
            "line": 22,
            "column": 68
          },
          "end": {
            "line": 41,
            "column": 1
          }
        },
        "line": 22
      },
      "2": {
        "name": "MeComponent_Conditional_10_Conditional_7_Template_button_click_3_listener",
        "decl": {
          "start": {
            "line": 29,
            "column": 36
          },
          "end": {
            "line": 29,
            "column": 109
          }
        },
        "loc": {
          "start": {
            "line": 29,
            "column": 112
          },
          "end": {
            "line": 33,
            "column": 5
          }
        },
        "line": 29
      },
      "3": {
        "name": "MeComponent_Conditional_10_Template",
        "decl": {
          "start": {
            "line": 42,
            "column": 9
          },
          "end": {
            "line": 42,
            "column": 44
          }
        },
        "loc": {
          "start": {
            "line": 42,
            "column": 54
          },
          "end": {
            "line": 78,
            "column": 1
          }
        },
        "line": 42
      },
      "4": {
        "name": "(anonymous_4)",
        "decl": {
          "start": {
            "line": 79,
            "column": 39
          },
          "end": {
            "line": 79,
            "column": 40
          }
        },
        "loc": {
          "start": {
            "line": 79,
            "column": 45
          },
          "end": {
            "line": 145,
            "column": 1
          }
        },
        "line": 79
      },
      "5": {
        "name": "(anonymous_5)",
        "decl": {
          "start": {
            "line": 81,
            "column": 4
          },
          "end": {
            "line": 81,
            "column": 5
          }
        },
        "loc": {
          "start": {
            "line": 81,
            "column": 18
          },
          "end": {
            "line": 86,
            "column": 5
          }
        },
        "line": 81
      },
      "6": {
        "name": "(anonymous_6)",
        "decl": {
          "start": {
            "line": 87,
            "column": 4
          },
          "end": {
            "line": 87,
            "column": 5
          }
        },
        "loc": {
          "start": {
            "line": 87,
            "column": 15
          },
          "end": {
            "line": 89,
            "column": 5
          }
        },
        "line": 87
      },
      "7": {
        "name": "(anonymous_7)",
        "decl": {
          "start": {
            "line": 90,
            "column": 4
          },
          "end": {
            "line": 90,
            "column": 5
          }
        },
        "loc": {
          "start": {
            "line": 90,
            "column": 11
          },
          "end": {
            "line": 92,
            "column": 5
          }
        },
        "line": 90
      },
      "8": {
        "name": "(anonymous_8)",
        "decl": {
          "start": {
            "line": 93,
            "column": 4
          },
          "end": {
            "line": 93,
            "column": 5
          }
        },
        "loc": {
          "start": {
            "line": 93,
            "column": 13
          },
          "end": {
            "line": 103,
            "column": 5
          }
        },
        "line": 93
      },
      "9": {
        "name": "(anonymous_9)",
        "decl": {
          "start": {
            "line": 95,
            "column": 31
          },
          "end": {
            "line": 95,
            "column": 32
          }
        },
        "loc": {
          "start": {
            "line": 95,
            "column": 44
          },
          "end": {
            "line": 102,
            "column": 7
          }
        },
        "line": 95
      },
      "10": {
        "name": "MeComponent_Factory",
        "decl": {
          "start": {
            "line": 105,
            "column": 27
          },
          "end": {
            "line": 105,
            "column": 46
          }
        },
        "loc": {
          "start": {
            "line": 105,
            "column": 66
          },
          "end": {
            "line": 107,
            "column": 7
          }
        },
        "line": 105
      },
      "11": {
        "name": "MeComponent_Template",
        "decl": {
          "start": {
            "line": 116,
            "column": 27
          },
          "end": {
            "line": 116,
            "column": 47
          }
        },
        "loc": {
          "start": {
            "line": 116,
            "column": 57
          },
          "end": {
            "line": 138,
            "column": 9
          }
        },
        "line": 116
      },
      "12": {
        "name": "MeComponent_Template_button_click_4_listener",
        "decl": {
          "start": {
            "line": 119,
            "column": 44
          },
          "end": {
            "line": 119,
            "column": 88
          }
        },
        "loc": {
          "start": {
            "line": 119,
            "column": 91
          },
          "end": {
            "line": 121,
            "column": 13
          }
        },
        "line": 119
      }
    },
    "branchMap": {
      "0": {
        "loc": {
          "start": {
            "line": 16,
            "column": 2
          },
          "end": {
            "line": 20,
            "column": 3
          }
        },
        "type": "if",
        "locations": [
          {
            "start": {
              "line": 16,
              "column": 2
            },
            "end": {
              "line": 20,
              "column": 3
            }
          },
          {
            "start": {
              "line": 16,
              "column": 2
            },
            "end": {
              "line": 20,
              "column": 3
            }
          }
        ],
        "line": 16
      },
      "1": {
        "loc": {
          "start": {
            "line": 23,
            "column": 2
          },
          "end": {
            "line": 40,
            "column": 3
          }
        },
        "type": "if",
        "locations": [
          {
            "start": {
              "line": 23,
              "column": 2
            },
            "end": {
              "line": 40,
              "column": 3
            }
          },
          {
            "start": {
              "line": 23,
              "column": 2
            },
            "end": {
              "line": 40,
              "column": 3
            }
          }
        ],
        "line": 23
      },
      "2": {
        "loc": {
          "start": {
            "line": 43,
            "column": 2
          },
          "end": {
            "line": 64,
            "column": 3
          }
        },
        "type": "if",
        "locations": [
          {
            "start": {
              "line": 43,
              "column": 2
            },
            "end": {
              "line": 64,
              "column": 3
            }
          },
          {
            "start": {
              "line": 43,
              "column": 2
            },
            "end": {
              "line": 64,
              "column": 3
            }
          }
        ],
        "line": 43
      },
      "3": {
        "loc": {
          "start": {
            "line": 65,
            "column": 2
          },
          "end": {
            "line": 77,
            "column": 3
          }
        },
        "type": "if",
        "locations": [
          {
            "start": {
              "line": 65,
              "column": 2
            },
            "end": {
              "line": 77,
              "column": 3
            }
          },
          {
            "start": {
              "line": 65,
              "column": 2
            },
            "end": {
              "line": 77,
              "column": 3
            }
          }
        ],
        "line": 65
      },
      "4": {
        "loc": {
          "start": {
            "line": 72,
            "column": 21
          },
          "end": {
            "line": 72,
            "column": 42
          }
        },
        "type": "cond-expr",
        "locations": [
          {
            "start": {
              "line": 72,
              "column": 37
            },
            "end": {
              "line": 72,
              "column": 38
            }
          },
          {
            "start": {
              "line": 72,
              "column": 41
            },
            "end": {
              "line": 72,
              "column": 42
            }
          }
        ],
        "line": 72
      },
      "5": {
        "loc": {
          "start": {
            "line": 106,
            "column": 20
          },
          "end": {
            "line": 106,
            "column": 52
          }
        },
        "type": "binary-expr",
        "locations": [
          {
            "start": {
              "line": 106,
              "column": 20
            },
            "end": {
              "line": 106,
              "column": 37
            }
          },
          {
            "start": {
              "line": 106,
              "column": 41
            },
            "end": {
              "line": 106,
              "column": 52
            }
          }
        ],
        "line": 106
      },
      "6": {
        "loc": {
          "start": {
            "line": 117,
            "column": 10
          },
          "end": {
            "line": 132,
            "column": 11
          }
        },
        "type": "if",
        "locations": [
          {
            "start": {
              "line": 117,
              "column": 10
            },
            "end": {
              "line": 132,
              "column": 11
            }
          },
          {
            "start": {
              "line": 117,
              "column": 10
            },
            "end": {
              "line": 132,
              "column": 11
            }
          }
        ],
        "line": 117
      },
      "7": {
        "loc": {
          "start": {
            "line": 133,
            "column": 10
          },
          "end": {
            "line": 137,
            "column": 11
          }
        },
        "type": "if",
        "locations": [
          {
            "start": {
              "line": 133,
              "column": 10
            },
            "end": {
              "line": 137,
              "column": 11
            }
          },
          {
            "start": {
              "line": 133,
              "column": 10
            },
            "end": {
              "line": 137,
              "column": 11
            }
          }
        ],
        "line": 133
      },
      "8": {
        "loc": {
          "start": {
            "line": 136,
            "column": 29
          },
          "end": {
            "line": 136,
            "column": 83
          }
        },
        "type": "cond-expr",
        "locations": [
          {
            "start": {
              "line": 136,
              "column": 76
            },
            "end": {
              "line": 136,
              "column": 78
            }
          },
          {
            "start": {
              "line": 136,
              "column": 81
            },
            "end": {
              "line": 136,
              "column": 83
            }
          }
        ],
        "line": 136
      }
    },
    "s": {
      "0": 0,
      "1": 0,
      "2": 0,
      "3": 0,
      "4": 6,
      "5": 2,
      "6": 2,
      "7": 2,
      "8": 2,
      "9": 2,
      "10": 2,
      "11": 0,
      "12": 0,
      "13": 0,
      "14": 2,
      "15": 2,
      "16": 2,
      "17": 2,
      "18": 2,
      "19": 2,
      "20": 6,
      "21": 2,
      "22": 2,
      "23": 2,
      "24": 2,
      "25": 2,
      "26": 2,
      "27": 2,
      "28": 2,
      "29": 2,
      "30": 2,
      "31": 2,
      "32": 2,
      "33": 2,
      "34": 2,
      "35": 2,
      "36": 2,
      "37": 2,
      "38": 2,
      "39": 2,
      "40": 2,
      "41": 6,
      "42": 4,
      "43": 4,
      "44": 4,
      "45": 4,
      "46": 4,
      "47": 4,
      "48": 4,
      "49": 4,
      "50": 4,
      "51": 4,
      "52": 4,
      "53": 40,
      "54": 2,
      "55": 2,
      "56": 2,
      "57": 2,
      "58": 2,
      "59": 2,
      "60": 0,
      "61": 0,
      "62": 0,
      "63": 0,
      "64": 0,
      "65": 0,
      "66": 40,
      "67": 2,
      "68": 40,
      "69": 8,
      "70": 2,
      "71": 2,
      "72": 2,
      "73": 2,
      "74": 2,
      "75": 2,
      "76": 2,
      "77": 2,
      "78": 2,
      "79": 2,
      "80": 2,
      "81": 2,
      "82": 2,
      "83": 8,
      "84": 6,
      "85": 6,
      "86": 40
    },
    "f": {
      "0": 0,
      "1": 6,
      "2": 0,
      "3": 6,
      "4": 40,
      "5": 2,
      "6": 2,
      "7": 2,
      "8": 0,
      "9": 0,
      "10": 2,
      "11": 8,
      "12": 2
    },
    "b": {
      "0": [
        0,
        0
      ],
      "1": [
        2,
        4
      ],
      "2": [
        2,
        4
      ],
      "3": [
        4,
        2
      ],
      "4": [
        0,
        4
      ],
      "5": [
        2,
        2
      ],
      "6": [
        2,
        6
      ],
      "7": [
        6,
        2
      ],
      "8": [
        4,
        2
      ]
    },
    "inputSourceMap": {
      "version": 3,
      "names": [
        "inject",
        "MatSnackBar",
        "Router",
        "SessionService",
        "UserService",
        "MaterialModule",
        "CommonModule",
        "firstValueFrom",
        "i0",
        "ɵɵelementStart",
        "ɵɵtext",
        "ɵɵelementEnd",
        "ɵɵlistener",
        "MeComponent_Conditional_10_Conditional_7_Template_button_click_3_listener",
        "ɵɵrestoreView",
        "_r1",
        "ctx_r1",
        "ɵɵnextContext",
        "ɵɵresetView",
        "delete",
        "ɵɵtemplate",
        "MeComponent_Conditional_10_Conditional_6_Template",
        "MeComponent_Conditional_10_Conditional_7_Template",
        "ɵɵadvance",
        "ɵɵtextInterpolate2",
        "user_r3",
        "firstName",
        "ɵɵpipeBind1",
        "lastName",
        "ɵɵtextInterpolate1",
        "email",
        "ɵɵconditional",
        "admin",
        "ɵɵpipeBind2",
        "createdAt",
        "updatedAt",
        "MeComponent",
        "constructor",
        "router",
        "sessionService",
        "matSnackBar",
        "userService",
        "ngOnInit",
        "user$",
        "getById",
        "sessionInformation",
        "id",
        "toString",
        "back",
        "window",
        "history",
        "_this",
        "_asyncToGenerator",
        "open",
        "duration",
        "logOut",
        "navigate",
        "selectors",
        "decls",
        "vars",
        "consts",
        "template",
        "MeComponent_Template",
        "rf",
        "ctx",
        "MeComponent_Template_button_click_4_listener",
        "MeComponent_Conditional_10_Template",
        "tmp_0_0",
        "i1",
        "AsyncPipe",
        "UpperCasePipe",
        "DatePipe",
        "i2",
        "MatButton",
        "MatIconButton",
        "i3",
        "MatCard",
        "MatCardContent",
        "MatCardTitle",
        "i4",
        "MatIcon",
        "encapsulation"
      ],
      "sources": [
        "/home/pierre/Dev/Exercices/3/front/src/app/pages/me/me.component.ts"
      ],
      "sourcesContent": [
[...]
          "line": 51,
          "column": 33
        }
      },
      "29": {
        "start": {
          "line": 54,
          "column": 6
        },
        "end": {
          "line": 56,
          "column": 8
        }
      },
      "30": {
        "start": {
          "line": 55,
          "column": 8
        },
        "end": {
          "line": 55,
          "column": 167
        }
      },
      "31": {
        "start": {
          "line": 59,
          "column": 6
        },
        "end": {
          "line": 85,
          "column": 9
        }
      },
      "32": {
        "start": {
          "line": 66,
          "column": 10
        },
        "end": {
          "line": 77,
          "column": 11
        }
      },
      "33": {
        "start": {
          "line": 67,
          "column": 12
        },
        "end": {
          "line": 67,
          "column": 75
        }
      },
      "34": {
        "start": {
          "line": 68,
          "column": 12
        },
        "end": {
          "line": 68,
          "column": 37
        }
      },
      "35": {
        "start": {
          "line": 69,
          "column": 12
        },
        "end": {
          "line": 69,
          "column": 30
        }
      },
      "36": {
        "start": {
          "line": 70,
          "column": 12
        },
        "end": {
          "line": 70,
          "column": 79
        }
      },
      "37": {
        "start": {
          "line": 71,
          "column": 12
        },
        "end": {
          "line": 71,
          "column": 34
        }
      },
      "38": {
        "start": {
          "line": 72,
          "column": 12
        },
        "end": {
          "line": 72,
          "column": 79
        }
      },
      "39": {
        "start": {
          "line": 73,
          "column": 12
        },
        "end": {
          "line": 73,
          "column": 30
        }
      },
      "40": {
        "start": {
          "line": 74,
          "column": 12
        },
        "end": {
          "line": 74,
          "column": 40
        }
      },
      "41": {
        "start": {
          "line": 75,
          "column": 12
        },
        "end": {
          "line": 75,
          "column": 45
        }
      },
      "42": {
        "start": {
          "line": 76,
          "column": 12
        },
        "end": {
          "line": 76,
          "column": 32
        }
      },
      "43": {
        "start": {
          "line": 78,
          "column": 10
        },
        "end": {
          "line": 81,
          "column": 11
        }
      },
      "44": {
        "start": {
          "line": 79,
          "column": 12
        },
        "end": {
          "line": 79,
          "column": 28
        }
      },
      "45": {
        "start": {
          "line": 80,
          "column": 12
        },
        "end": {
          "line": 80,
          "column": 73
        }
      },
      "46": {
        "start": {
          "line": 88,
          "column": 2
        },
        "end": {
          "line": 88,
          "column": 22
        }
      }
    },
    "fnMap": {
      "0": {
        "name": "AppComponent_Conditional_4_Template",
        "decl": {
          "start": {
            "line": 10,
            "column": 9
          },
          "end": {
            "line": 10,
            "column": 44
          }
        },
        "loc": {
          "start": {
            "line": 10,
            "column": 54
          },
          "end": {
            "line": 28,
            "column": 1
          }
        },
        "line": 10
      },
      "1": {
        "name": "AppComponent_Conditional_4_Template_span_click_5_listener",
        "decl": {
          "start": {
            "line": 20,
            "column": 36
          },
          "end": {
            "line": 20,
            "column": 93
          }
        },
        "loc": {
          "start": {
            "line": 20,
            "column": 96
          },
          "end": {
            "line": 24,
            "column": 5
          }
        },
        "line": 20
      },
      "2": {
        "name": "AppComponent_Conditional_6_Template",
        "decl": {
          "start": {
            "line": 29,
            "column": 9
          },
          "end": {
            "line": 29,
            "column": 44
          }
        },
        "loc": {
          "start": {
            "line": 29,
            "column": 54
          },
          "end": {
            "line": 38,
            "column": 1
          }
        },
        "line": 29
      },
      "3": {
        "name": "(anonymous_3)",
        "decl": {
          "start": {
            "line": 39,
            "column": 40
          },
          "end": {
            "line": 39,
            "column": 41
          }
        },
        "loc": {
          "start": {
            "line": 39,
            "column": 46
          },
          "end": {
            "line": 89,
            "column": 1
          }
        },
        "line": 39
      },
      "4": {
        "name": "(anonymous_4)",
        "decl": {
          "start": {
            "line": 41,
            "column": 4
          },
          "end": {
            "line": 41,
            "column": 5
          }
        },
        "loc": {
          "start": {
            "line": 41,
            "column": 53
          },
          "end": {
            "line": 45,
            "column": 5
          }
        },
        "line": 41
      },
      "5": {
        "name": "(anonymous_5)",
        "decl": {
          "start": {
            "line": 46,
            "column": 4
          },
          "end": {
            "line": 46,
            "column": 5
          }
        },
        "loc": {
          "start": {
            "line": 46,
            "column": 19
          },
          "end": {
            "line": 48,
            "column": 5
          }
        },
        "line": 46
      },
      "6": {
        "name": "(anonymous_6)",
        "decl": {
          "start": {
            "line": 49,
            "column": 4
          },
          "end": {
            "line": 49,
            "column": 5
          }
        },
        "loc": {
          "start": {
            "line": 49,
            "column": 13
          },
          "end": {
            "line": 52,
            "column": 5
          }
        },
        "line": 49
      },
      "7": {
        "name": "AppComponent_Factory",
        "decl": {
          "start": {
            "line": 54,
            "column": 27
          },
          "end": {
            "line": 54,
            "column": 47
          }
        },
        "loc": {
          "start": {
            "line": 54,
            "column": 67
          },
          "end": {
            "line": 56,
            "column": 7
          }
        },
        "line": 54
      },
      "8": {
        "name": "AppComponent_Template",
        "decl": {
          "start": {
            "line": 65,
            "column": 27
          },
          "end": {
            "line": 65,
            "column": 48
          }
        },
        "loc": {
          "start": {
            "line": 65,
            "column": 58
          },
          "end": {
            "line": 82,
            "column": 9
          }
        },
        "line": 65
      }
    },
    "branchMap": {
      "0": {
        "loc": {
          "start": {
            "line": 11,
            "column": 2
          },
          "end": {
            "line": 27,
            "column": 3
          }
        },
        "type": "if",
        "locations": [
          {
            "start": {
              "line": 11,
              "column": 2
            },
            "end": {
              "line": 27,
              "column": 3
            }
          },
          {
            "start": {
              "line": 11,
              "column": 2
            },
            "end": {
              "line": 27,
              "column": 3
            }
          }
        ],
        "line": 11
      },
      "1": {
        "loc": {
          "start": {
            "line": 30,
            "column": 2
          },
          "end": {
            "line": 37,
            "column": 3
          }
        },
        "type": "if",
        "locations": [
          {
            "start": {
              "line": 30,
              "column": 2
            },
            "end": {
              "line": 37,
              "column": 3
            }
          },
          {
            "start": {
              "line": 30,
              "column": 2
            },
            "end": {
              "line": 37,
              "column": 3
            }
          }
        ],
        "line": 30
      },
      "2": {
        "loc": {
          "start": {
            "line": 55,
            "column": 20
          },
          "end": {
            "line": 55,
            "column": 53
          }
        },
        "type": "binary-expr",
        "locations": [
          {
            "start": {
              "line": 55,
              "column": 20
            },
            "end": {
              "line": 55,
              "column": 37
            }
          },
          {
            "start": {
              "line": 55,
              "column": 41
            },
            "end": {
              "line": 55,
              "column": 53
            }
          }
        ],
        "line": 55
      },
      "3": {
        "loc": {
          "start": {
            "line": 66,
            "column": 10
          },
          "end": {
            "line": 77,
            "column": 11
          }
        },
        "type": "if",
        "locations": [
          {
            "start": {
              "line": 66,
              "column": 10
            },
            "end": {
              "line": 77,
              "column": 11
            }
          },
          {
            "start": {
              "line": 66,
              "column": 10
            },
            "end": {
              "line": 77,
              "column": 11
            }
          }
        ],
        "line": 66
      },
      "4": {
        "loc": {
          "start": {
            "line": 78,
            "column": 10
          },
          "end": {
            "line": 81,
            "column": 11
          }
        },
        "type": "if",
        "locations": [
          {
            "start": {
              "line": 78,
              "column": 10
            },
            "end": {
              "line": 81,
              "column": 11
            }
          },
          {
            "start": {
              "line": 78,
              "column": 10
            },
            "end": {
              "line": 81,
              "column": 11
            }
          }
        ],
        "line": 78
      },
      "5": {
        "loc": {
          "start": {
            "line": 80,
            "column": 29
          },
          "end": {
            "line": 80,
            "column": 71
          }
        },
        "type": "cond-expr",
        "locations": [
          {
            "start": {
              "line": 80,
              "column": 66
            },
            "end": {
              "line": 80,
              "column": 67
            }
          },
          {
            "start": {
              "line": 80,
              "column": 70
            },
            "end": {
              "line": 80,
              "column": 71
            }
          }
        ],
        "line": 80
      }
    },
    "s": {
      "0": 328,
      "1": 31,
      "2": 31,
      "3": 31,
      "4": 31,
      "5": 31,
      "6": 31,
      "7": 31,
      "8": 31,
      "9": 31,
      "10": 1,
      "11": 1,
      "12": 1,
      "13": 31,
      "14": 31,
      "15": 720,
      "16": 26,
      "17": 26,
      "18": 26,
      "19": 26,
      "20": 26,
      "21": 26,
      "22": 40,
      "23": 40,
      "24": 40,
      "25": 40,
      "26": 991,
      "27": 1,
      "28": 1,
      "29": 40,
      "30": 40,
      "31": 40,
      "32": 1031,
      "33": 40,
      "34": 40,
      "35": 40,
      "36": 40,
      "37": 40,
      "38": 40,
      "39": 40,
      "40": 40,
      "41": 40,
      "42": 40,
      "43": 1031,
      "44": 991,
      "45": 991,
      "46": 40
    },
    "f": {
      "0": 328,
      "1": 1,
      "2": 720,
      "3": 40,
      "4": 40,
      "5": 991,
      "6": 1,
      "7": 40,
      "8": 1031
    },
    "b": {
      "0": [
        31,
        297
      ],
      "1": [
        26,
        694
      ],
      "2": [
        40,
        40
      ],
      "3": [
        40,
        991
      ],
      "4": [
        991,
        40
      ],
      "5": [
        297,
        694
      ]
    },
    "inputSourceMap": {
      "version": 3,
      "names": [
        "RouterModule",
        "RouterOutlet",
        "CommonModule",
        "MaterialModule",
        "i0",
        "ɵɵelementStart",
        "ɵɵtext",
        "ɵɵelementEnd",
        "ɵɵlistener",
        "AppComponent_Conditional_4_Template_span_click_5_listener",
        "ɵɵrestoreView",
        "_r1",
        "ctx_r1",
        "ɵɵnextContext",
        "ɵɵresetView",
        "logout",
        "AppComponent",
        "constructor",
        "authService",
        "router",
        "sessionService",
        "isLogged",
        "isLogged$",
        "logOut",
        "navigate",
        "ɵɵdirectiveInject",
        "i1",
        "AuthService",
        "i2",
        "Router",
        "i3",
        "SessionService",
        "selectors",
        "decls",
        "vars",
        "consts",
        "template",
        "AppComponent_Template",
        "rf",
        "ctx",
        "ɵɵtemplate",
        "AppComponent_Conditional_4_Template",
        "AppComponent_Conditional_6_Template",
        "ɵɵelement",
        "ɵɵadvance",
        "ɵɵconditional",
        "ɵɵpipeBind1",
        "i4",
        "AsyncPipe",
        "i5",
        "MatToolbar",
        "RouterLink",
        "styles"
      ],
      "sources": [
        "/home/pierre/Dev/Exercices/3/front/src/app/app.component.ts"
      ],
      "sourcesContent": [
        "import { Component } from '@angular/core';\nimport {Router, RouterModule, RouterOutlet} from '@angular/router';\nimport { Observable } from 'rxjs';\nimport { SessionService } from './core/service/auth/session.service';\nimport {CommonModule} from \"@angular/common\";\nimport {MaterialModule} from \"./shared/material.module\";\nimport { AuthService } from './core/service/auth/auth.service';\n\n@Component({\n  selector: 'app-root',\n  imports: [CommonModule, MaterialModule, RouterOutlet, RouterModule],\n  standalone: true,\n  styleUrls: ['./app.component.scss'],\n  template: `\n    <div class=\"app\">\n      <mat-toolbar color=\"primary\" fxLayout=\"row\" fxLayoutAlign=\"space-between center\">\n        <span>Yoga app</span>\n        @if (isLogged | async) {\n          <div>\n            <span routerLink=\"sessions\" class=\"link\">Sessions</span>\n            <span routerLink=\"me\" class=\"link\">Account</span>\n            <span (click)=\"logout()\" class=\"link\">Logout</span>\n          </div>\n        } @else {\n          <div>\n            <span routerLink=\"login\" class=\"link\">Login</span>\n            <span routerLink=\"register\" class=\"link\">Register</span>\n          </div>\n        }\n      </mat-toolbar>\n      <div>\n        <router-outlet></router-outlet>\n      </div>\n    </div>\n  `\n})\nexport class AppComponent {\n  constructor(\n    private authService: AuthService,\n    private router: Router,\n    private sessionService: SessionService) {\n  }\n\n  public get isLogged(): Observable<boolean> {\n    return this.sessionService.isLogged$;\n  }\n\n  public logout(): void {\n    this.sessionService.logOut();\n    this.router.navigate([''])\n  }\n}\n"
      ],
      "mappings": "AACA,SAAgBA,YAAY,EAAEC,YAAY,QAAO,iBAAiB;AAGlE,SAAQC,YAAY,QAAO,iBAAiB;AAC5C,SAAQC,cAAc,QAAO,0BAA0B;;;;;;;;;;IAc3CC,EADF,CAAAC,cAAA,UAAK,cACsC;IAAAD,EAAA,CAAAE,MAAA,eAAQ;IAAAF,EAAA,CAAAG,YAAA,EAAO;IACxDH,EAAA,CAAAC,cAAA,cAAmC;IAAAD,EAAA,CAAAE,MAAA,cAAO;IAAAF,EAAA,CAAAG,YAAA,EAAO;IACjDH,EAAA,CAAAC,cAAA,cAAsC;IAAhCD,EAAA,CAAAI,UAAA,mBAAAC,0DAAA;MAAAL,EAAA,CAAAM,aAAA,CAAAC,GAAA;MAAA,MAAAC,MAAA,GAAAR,EAAA,CAAAS,aAAA;MAAA,OAAAT,EAAA,CAAAU,WAAA,CAASF,MAAA,CAAAG,MAAA,EAAQ;IAAA,EAAC;IAAcX,EAAA,CAAAE,MAAA,aAAM;IAC9CF,EAD8C,CAAAG,YAAA,EAAO,EAC/C;;;;;IAGJH,EADF,CAAAC,cAAA,UAAK,cACmC;IAAAD,EAAA,CAAAE,MAAA,YAAK;IAAAF,EAAA,CAAAG,YAAA,EAAO;IAClDH,EAAA,CAAAC,cAAA,cAAyC;IAAAD,EAAA,CAAAE,MAAA,eAAQ;IACnDF,EADmD,CAAAG,YAAA,EAAO,EACpD;;;AAShB,WAAaS,YAAY;EAAnB,MAAOA,YAAY;IACvBC,YACUC,WAAwB,EACxBC,MAAc,EACdC,cAA8B;MAF9B,KAAAF,WAAW,GAAXA,WAAW;MACX,KAAAC,MAAM,GAANA,MAAM;MACN,KAAAC,cAAc,GAAdA,cAAc;IACxB;IAEA,IAAWC,QAAQA,CAAA;MACjB,OAAO,IAAI,CAACD,cAAc,CAACE,SAAS;IACtC;IAEOP,MAAMA,CAAA;MACX,IAAI,CAACK,cAAc,CAACG,MAAM,EAAE;MAC5B,IAAI,CAACJ,MAAM,CAACK,QAAQ,CAAC,CAAC,EAAE,CAAC,CAAC;IAC5B;;;yCAdWR,YAAY,EAAAZ,EAAA,CAAAqB,iBAAA,CAAAC,EAAA,CAAAC,WAAA,GAAAvB,EAAA,CAAAqB,iBAAA,CAAAG,EAAA,CAAAC,MAAA,GAAAzB,EAAA,CAAAqB,iBAAA,CAAAK,EAAA,CAAAC,cAAA;MAAA;IAAA;;;cAAZf,YAAY;QAAAgB,SAAA;QAAAC,KAAA;QAAAC,IAAA;QAAAC,MAAA;QAAAC,QAAA,WAAAC,sBAAAC,EAAA,EAAAC,GAAA;UAAA,IAAAD,EAAA;YApBjBlC,EAFJ,CAAAC,cAAA,aAAiB,qBACkE,WACzE;YAAAD,EAAA,CAAAE,MAAA,eAAQ;YAAAF,EAAA,CAAAG,YAAA,EAAO;YACrBH,EAAA,CAAAoC,UAAA,IAAAC,mCAAA,cAAwB;;YAMtBrC,EAAA,CAAAoC,UAAA,IAAAE,mCAAA,cAAO;YAMXtC,EAAA,CAAAG,YAAA,EAAc;YACdH,EAAA,CAAAC,cAAA,UAAK;YACHD,EAAA,CAAAuC,SAAA,oBAA+B;YAEnCvC,EADE,CAAAG,YAAA,EAAM,EACF;;;YAhBFH,EAAA,CAAAwC,SAAA,GAWC;YAXDxC,EAAA,CAAAyC,aAAA,CAAAzC,EAAA,CAAA0C,WAAA,OAAAP,GAAA,CAAAlB,QAAA,UAWC;;;uBAlBGnB,YAAY,EAAA6C,EAAA,CAAAC,SAAA,EAAE7C,cAAc,EAAA8C,EAAA,CAAAC,UAAA,EAAEjD,YAAY,EAAED,YAAY,EAAA4B,EAAA,CAAAuB,UAAA;QAAAC,MAAA;MAAA;IAAA;;SA0BvDpC,YAAY;AAAA",
      "ignoreList": []
    },
    "_coverageSchema": "1a1c01bbd47fc00a2c39e90264f33305004495a9",
    "hash": "6abd6987320399ec4e0582a120b3759044b608c4"
  },
  "/home/pierre/Dev/Exercices/3/front/src/main.ts": {
    "path": "/home/pierre/Dev/Exercices/3/front/src/main.ts",
    "statementMap": {
      "0": {
        "start": {
          "line": 4,
          "column": 0
        },
        "end": {
          "line": 4,
          "column": 79
        }
      },
      "1": {
        "start": {
          "line": 4,
          "column": 59
        },
        "end": {
          "line": 4,
          "column": 77
        }
      }
    },
    "fnMap": {
      "0": {
        "name": "(anonymous_0)",
        "decl": {
          "start": {
            "line": 4,
            "column": 52
          },
          "end": {
            "line": 4,
            "column": 53
          }
        },
        "loc": {
          "start": {
            "line": 4,
            "column": 59
          },
          "end": {
            "line": 4,
            "column": 77
          }
        },
        "line": 4
      }
    },
    "branchMap": {},
    "s": {
      "0": 40,
      "1": 0
    },
    "f": {
      "0": 0
    },
    "b": {},
    "inputSourceMap": {
      "version": 3,
      "names": [
        "bootstrapApplication",
        "appConfig",
        "AppComponent",
        "catch",
        "err",
        "console",
        "error"
      ],
      "sources": [
        "/home/pierre/Dev/Exercices/3/front/src/main.ts"
      ],
      "sourcesContent": [
        "import { bootstrapApplication } from '@angular/platform-browser';\nimport { appConfig } from './app/app.config';\nimport { AppComponent } from './app/app.component';\n\nbootstrapApplication(AppComponent, appConfig)\n  .catch((err) => console.error(err));\n"
      ],
      "mappings": "AAAA,SAASA,oBAAoB,QAAQ,2BAA2B;AAChE,SAASC,SAAS,QAAQ,kBAAkB;AAC5C,SAASC,YAAY,QAAQ,qBAAqB;AAElDF,oBAAoB,CAACE,YAAY,EAAED,SAAS,CAAC,CAC1CE,KAAK,CAAEC,GAAG,IAAKC,OAAO,CAACC,KAAK,CAACF,GAAG,CAAC,CAAC",
      "ignoreList": []
    },
    "_coverageSchema": "1a1c01bbd47fc00a2c39e90264f33305004495a9",
    "hash": "0133c3abdba745a9901acbf4b0239748cd751c52"
  }
}